
WARNING: Volume of the domain containing particles should be positive. Set the default value!
WARNING: Particle radius should be positive and less than the domain size. Set the default value!
WARNING: Distance between neighboring particles should be positive, greater than the radius of a particle, and less than the domain size. Set the default value!
WARNING: Original refraction should not be zero. Set the default value!
WARNING: Desired refraction should not be zero. Set the default value!
WARNING: Distribution of particles should be positive. Set the default value!
----------------------- SOLVING PARTICLE SCATTERING PROBLEM -----------------------

Speed of wave, v:					34400
Frequency, f:						1000
Wave number, k:						0.182651
Direction of plane wave, alpha:				(1, 0, 0)
Kappa:							0.5
Volume of the domain that contains all particles, |D|:	1
Original refraction coefficient, n0:			1+0i
Desired refraction coefficient, n:			-1+0.001i
Distribution of particles, N:				1
Boundary impedance, zeta:				5.07846e-06+0.0101569i
Radius of one particle, a:				2.732759e-07
Distance between two neighboring particles, d:		5.227579e-04
Number of particles, M:					7000000000 (7.000000e+09)
Number of sub cubes after partitioning the domain, P:	8000
Total collocation points for solving integral equation:	27000

Initializing done:	Mem used: 2.12091e+07 	Elapsed time:	0:0:0
Setting up FFT:		Mem used: 2.42934e+07 	Elapsed time:	0:0:0
Setting up RHS done:	Mem used: 2.53063e+08 	Elapsed time:	0:0:3

Computing:
Tolerance:	0.001
Method:		cg
Copy internal vector:	Mem used: 3.03851e+09 	Elapsed time:	0:0:14
Apply FFT:		Mem used: 3.04331e+09 	Elapsed time:	0:16:53
Pad Green cube:		Mem used: 4.92571e+09 	Elapsed time:	0:21:31
Multiply vectors:	Mem used: 4.92571e+09 	Elapsed time:	0:21:31
Apply iFFT:		Mem used: 3.054e+09 	Elapsed time:	0:23:29
Copy internal vector:	Mem used: 6.3436e+09 	Elapsed time:	0:25:53
Assembly result:	Mem used: 3.06127e+09 	Elapsed time:	0:34:14

Solving the original linear system (FFT):
Norm of error:	1.29796
Iterations:	1
Elapsed time:	0:34:17

Solving the reduced linear system:
Norm of error:	0.00158206
Iterations:	1
Elapsed time:	0:34:18

Solving the integral equation:
Norm of error:	0.0029901
Iterations:	1
Elapsed time:	0:34:18

Comparing solutions:
(Original system)   vs (Reduced system):	0.0011917
(Integral equation) vs (Original system):	0.00213028
(Integral equation) vs (Reduced system):	-nan
(Original system)   vs (Incident field):	7.80001e-06

Started on:	Mon Apr 21 12:36:05 2014
Finished on:	Mon Apr 21 13:10:47 2014
Elapsed time:	0:34:42
