
WARNING: Volume of the domain containing particles should be positive. Set the default value!
WARNING: Particle radius should be positive and less than the domain size. Set the default value!
WARNING: Distance between neighboring particles should be positive, greater than the radius of a particle, and less than the domain size. Set the default value!
WARNING: Original refraction should not be zero. Set the default value!
WARNING: Desired refraction should not be zero. Set the default value!
WARNING: Distribution of particles should be positive. Set the default value!
----------------------- SOLVING PARTICLE SCATTERING PROBLEM -----------------------

Speed of wave, v:					34400
Frequency, f:						1000
Wave number, k:						0.182651
Direction of plane wave, alpha:				(1, 0, 0)
Kappa:							0.5
Volume of the domain that contains all particles, |D|:	1
Original refraction coefficient, n0:			1+0i
Desired refraction coefficient, n:			-1+0.001i
Distribution of particles, N:				1
Boundary impedance, zeta:				1.23225e-06+0.0024645i
Radius of one particle, a:				4.641589e-06
Distance between two neighboring particles, d:		2.154435e-03
Number of particles, M:					100000000 (1.000000e+08)
Number of sub cubes after partitioning the domain, P:	8000
Total collocation points for solving integral equation:	27000

Initializing done!
Elapsed time:	0:0:48

Setting up FFT ..... done!
Elapsed time:	0:21:49

Setting up RHS done!
Elapsed time:	0:22:9

Computing .....

Solving the original linear system (FFT):
Norm of error:	0.00475044
Iterations:	1
Elapsed time:	0:24:35

Solving the reduced linear system:
Norm of error:	0.000100054
Iterations:	1
Elapsed time:	0:24:37

Solving the integral equation:
Norm of error:	0.00019334
Iterations:	1
Elapsed time:	0:24:43

Comparing solutions:
(Original system)   vs (Reduced system):	0.00171351
(Integral equation) vs (Original system):	0.0054917
(Integral equation) vs (Reduced system):	0.0563102
(Original system)   vs (Incident field):	8.62611e-06

Started on:	Mon Mar 17 09:30:55 2014
Finished on:	Mon Mar 17 09:55:42 2014
Elapsed time:	0:24:47
************************************************************************************************************************
***             WIDEN YOUR WINDOW TO 120 CHARACTERS.  Use 'enscript -r -fCourier9' to print this document            ***
************************************************************************************************************************

---------------------------------------------- PETSc Performance Summary: ----------------------------------------------

./scat on a arch-linux2-fftw named gcn-17-31.sdsc.edu with 32 processors, by nhantran Mon Mar 17 09:55:42 2014
Using Petsc Release Version 3.4.3, Oct, 15, 2013 

                         Max       Max/Min        Avg      Total 
Time (sec):           1.486e+03      1.00005   1.486e+03
Objects:              5.400e+01      1.00000   5.400e+01
Flops:                3.990e+08      1.03561   3.986e+08  1.275e+10
Flops/sec:            2.685e+05      1.03564   2.682e+05  8.582e+06
MPI Messages:         1.440e+02      1.14286   1.284e+02  4.108e+03
MPI Message Lengths:  7.117e+08      9.38772   1.196e+06  4.913e+09
MPI Reductions:       6.300e+01      1.00000

Flop counting convention: 1 flop = 1 real number operation of type (multiply/divide/add/subtract)
                            e.g., VecAXPY() for real vectors of length N --> 2N flops
                            and VecAXPY() for complex vectors of length N --> 8N flops

Summary of Stages:   ----- Time ------  ----- Flops -----  --- Messages ---  -- Message Lengths --  -- Reductions --
                        Avg     %Total     Avg     %Total   counts   %Total     Avg         %Total   counts   %Total 
 0:      Main Stage: 2.6437e+02  17.8%  8.0017e+08   6.3%  0.000e+00   0.0%  0.000e+00        0.0%  2.200e+01  34.9% 
 1:        Conv FFT: 1.2147e+03  81.7%  1.1952e+10  93.7%  1.400e+02   3.4%  1.190e+06       99.5%  1.600e+01  25.4% 
 2:  Reduced system: 1.1892e+00   0.1%  4.4787e+05   0.0%  1.984e+03  48.3%  1.449e+03        0.1%  1.200e+01  19.0% 
 3: Integral Equation: 5.8953e+00   0.4%  1.5119e+06   0.0%  1.984e+03  48.3%  4.890e+03        0.4%  1.200e+01  19.0% 

------------------------------------------------------------------------------------------------------------------------
See the 'Profiling' chapter of the users' manual for details on interpreting output.
Phase summary info:
   Count: number of times phase was executed
   Time and Flops: Max - maximum over all processors
                   Ratio - ratio of maximum to minimum over all processors
   Mess: number of messages sent
   Avg. len: average message length (bytes)
   Reduct: number of global reductions
   Global: entire computation
   Stage: stages of a computation. Set stages with PetscLogStagePush() and PetscLogStagePop().
      %T - percent time in this phase         %f - percent flops in this phase
      %M - percent messages in this phase     %L - percent message lengths in this phase
      %R - percent reductions in this phase
   Total Mflop/s: 10e-6 * (sum of flops over all processors)/(max time over all processors)
------------------------------------------------------------------------------------------------------------------------


      ##########################################################
      #                                                        #
      #                          WARNING!!!                    #
      #                                                        #
      #   The code for various complex numbers numerical       #
      #   kernels uses C++, which generally is not well        #
      #   optimized.  For performance that is about 4-5 times  #
      #   faster, specify --with-fortran-kernels=1             #
      #   when running ./configure.py.                         #
      #                                                        #
      ##########################################################


Event                Count      Time (sec)     Flops                             --- Global ---  --- Stage ---   Total
                   Max Ratio  Max     Ratio   Max  Ratio  Mess   Avg len Reduct  %T %f %M %L %R  %T %f %M %L %R Mflop/s
------------------------------------------------------------------------------------------------------------------------

--- Event Stage 0: Main Stage

VecNorm                4 1.0 1.6520e+00 6.3 0.00e+00 0.0 0.0e+00 0.0e+00 4.0e+00  0  0  0  0  6   0  0  0  0 18     0
VecSet                 3 1.0 2.5129e-04 3.3 0.00e+00 0.0 0.0e+00 0.0e+00 0.0e+00  0  0  0  0  0   0  0  0  0  0     0
VecAXPY                1 1.0 6.3987e-02 6.4 2.50e+07 1.0 0.0e+00 0.0e+00 0.0e+00  0  6  0  0  0   0100  0  0  0 12503
VecScatterBegin        3 1.0 3.2408e-01 3.5 0.00e+00 0.0 0.0e+00 0.0e+00 3.0e+00  0  0  0  0  5   0  0  0  0 14     0

--- Event Stage 1: Conv FFT

VecMDot                1 1.0 1.1354e+01182.2 2.50e+07 1.0 0.0e+00 0.0e+00 1.0e+00  1  6  0  0  2   1  7  0  0  6    70
VecNorm                2 1.0 2.0480e+0012.3 5.00e+07 1.0 0.0e+00 0.0e+00 2.0e+00  0 13  0  0  3   0 13  0  0 12   781
VecScale               3 1.0 7.5664e-0110.8 1.24e+08 1.1 0.0e+00 0.0e+00 0.0e+00  0 31  0  0  0   0 33  0  0  0  5255
VecCopy                4 1.0 1.2648e+00 5.5 0.00e+00 0.0 0.0e+00 0.0e+00 0.0e+00  0  0  0  0  0   0  0  0  0  0     0
VecSet                 3 1.0 6.5064e-01 6.8 0.00e+00 0.0 0.0e+00 0.0e+00 0.0e+00  0  0  0  0  0   0  0  0  0  0     0
VecAXPY                1 1.0 1.6724e-0116.7 2.50e+07 1.0 0.0e+00 0.0e+00 0.0e+00  0  6  0  0  0   0  7  0  0  0  4783
VecMAXPY               2 1.0 1.7063e-01 8.0 5.00e+07 1.0 0.0e+00 0.0e+00 0.0e+00  0 13  0  0  0   0 13  0  0  0  9377
VecAssemblyBegin       3 1.0 1.7037e+01 2.3 0.00e+00 0.0 1.4e+02 3.5e+07 9.0e+00  1  0  3 99 14   1  0100100 56     0
VecAssemblyEnd         3 1.0 9.4929e+00222.1 0.00e+00 0.0 0.0e+00 0.0e+00 0.0e+00  0  0  0  0  0   0  0  0  0  0     0
VecPointwiseMult       1 1.0 4.9859e-01 5.4 9.95e+07 1.1 0.0e+00 0.0e+00 0.0e+00  0 25  0  0  0   0 27  0  0  0  6370
VecNormalize           2 1.0 2.0617e+00 9.4 7.50e+07 1.0 0.0e+00 0.0e+00 2.0e+00  0 19  0  0  3   0 20  0  0 12  1164
MatMult                1 1.0 1.4373e+02 1.1 9.95e+07 1.1 1.4e+02 3.5e+07 6.0e+00  9 25  3 99 10  11 27100100 38    22
KSPGMRESOrthog         1 1.0 1.1405e+01112.9 5.00e+07 1.0 0.0e+00 0.0e+00 1.0e+00  1 13  0  0  2   1 13  0  0  6   140
KSPSetUp               1 1.0 1.8485e+0027.9 0.00e+00 0.0 0.0e+00 0.0e+00 0.0e+00  0  0  0  0  0   0  0  0  0  0     0
KSPSolve               1 1.0 1.4637e+02 1.0 2.74e+08 1.0 1.4e+02 3.5e+07 9.0e+00 10 69  3 99 14  12 73100100 56    60
PCSetUp                1 1.0 6.9141e-05 0.0 0.00e+00 0.0 0.0e+00 0.0e+00 0.0e+00  0  0  0  0  0   0  0  0  0  0     0
PCApply                2 1.0 5.3527e-0115.0 0.00e+00 0.0 0.0e+00 0.0e+00 0.0e+00  0  0  0  0  0   0  0  0  0  0     0

--- Event Stage 2: Reduced system

VecMDot                1 1.0 1.0993e-01 2.8 2.00e+03 1.0 0.0e+00 0.0e+00 1.0e+00  0  0  0  0  2   6 14  0  0  8     1
VecNorm                2 1.0 2.0982e-01 2.1 4.00e+03 1.0 0.0e+00 0.0e+00 2.0e+00  0  0  0  0  3  14 29  0  0 17     1
VecScale               2 1.0 1.1206e-05 2.4 2.00e+03 1.0 0.0e+00 0.0e+00 0.0e+00  0  0  0  0  0   0 14  0  0  0  5711
VecCopy                3 1.0 1.2159e-05 3.2 0.00e+00 0.0 0.0e+00 0.0e+00 0.0e+00  0  0  0  0  0   0  0  0  0  0     0
VecSet                 3 1.0 9.2983e-06 3.2 0.00e+00 0.0 0.0e+00 0.0e+00 0.0e+00  0  0  0  0  0   0  0  0  0  0     0
VecAXPY                1 1.0 1.0967e-05 5.8 2.00e+03 1.0 0.0e+00 0.0e+00 0.0e+00  0  0  0  0  0   0 14  0  0  0  5836
VecMAXPY               2 1.0 8.8215e-06 3.1 4.00e+03 1.0 0.0e+00 0.0e+00 0.0e+00  0  0  0  0  0   0 29  0  0  0 14510
VecAssemblyBegin       2 1.0 5.6188e-01 1.6 0.00e+00 0.0 2.0e+03 3.0e+03 6.0e+00  0  0 48  0 10  36  0100100 50     0
VecAssemblyEnd         2 1.0 7.4863e-05 1.5 0.00e+00 0.0 0.0e+00 0.0e+00 0.0e+00  0  0  0  0  0   0  0  0  0  0     0
VecNormalize           2 1.0 2.0984e-01 2.1 6.00e+03 1.0 0.0e+00 0.0e+00 2.0e+00  0  0  0  0  3  14 43  0  0 17     1
MatMult                1 1.0 5.4981e-01 1.1 0.00e+00 0.0 2.0e+03 3.0e+03 3.0e+00  0  0 48  0  5  43  0100100 25     0
KSPGMRESOrthog         1 1.0 1.0993e-01 2.8 4.00e+03 1.0 0.0e+00 0.0e+00 1.0e+00  0  0  0  0  2   6 29  0  0  8     1
KSPSetUp               1 1.0 1.5306e-04 6.4 0.00e+00 0.0 0.0e+00 0.0e+00 0.0e+00  0  0  0  0  0   0  0  0  0  0     0
KSPSolve               1 1.0 7.6997e-01 1.1 1.40e+04 1.0 2.0e+03 3.0e+03 6.0e+00  0  0 48  0 10  62100100100 50     1
PCSetUp                1 1.0 6.9141e-06 0.0 0.00e+00 0.0 0.0e+00 0.0e+00 0.0e+00  0  0  0  0  0   0  0  0  0  0     0
PCApply                2 1.0 1.7166e-05 2.9 0.00e+00 0.0 0.0e+00 0.0e+00 0.0e+00  0  0  0  0  0   0  0  0  0  0     0

--- Event Stage 3: Integral Equation

VecMDot                1 1.0 1.5955e-01 4.0 6.75e+03 1.0 0.0e+00 0.0e+00 1.0e+00  0  0  0  0  2   2 14  0  0  8     1
VecNorm                2 1.0 2.6985e-01 2.0 1.35e+04 1.0 0.0e+00 0.0e+00 2.0e+00  0  0  0  0  3   3 29  0  0 17     2
VecScale               2 1.0 8.6069e-0510.6 6.75e+03 1.0 0.0e+00 0.0e+00 0.0e+00  0  0  0  0  0   0 14  0  0  0  2510
VecCopy                3 1.0 1.2159e-05 2.1 0.00e+00 0.0 0.0e+00 0.0e+00 0.0e+00  0  0  0  0  0   0  0  0  0  0     0
VecSet                 3 1.0 1.6928e-05 3.0 0.00e+00 0.0 0.0e+00 0.0e+00 0.0e+00  0  0  0  0  0   0  0  0  0  0     0
VecAXPY                1 1.0 1.9086e-026671.0 6.75e+03 1.0 0.0e+00 0.0e+00 0.0e+00  0  0  0  0  0   0 14  0  0  0    11
VecMAXPY               2 1.0 1.1921e-05 2.0 1.35e+04 1.0 0.0e+00 0.0e+00 0.0e+00  0  0  0  0  0   0 29  0  0  0 36239
VecAssemblyBegin       2 1.0 3.7299e+00 7.5 0.00e+00 0.0 2.0e+03 1.0e+04 6.0e+00  0  0 48  0 10  37  0100100 50     0
VecAssemblyEnd         2 1.0 2.1100e-04 1.9 0.00e+00 0.0 0.0e+00 0.0e+00 0.0e+00  0  0  0  0  0   0  0  0  0  0     0
VecNormalize           2 1.0 2.6987e-01 2.0 2.03e+04 1.0 0.0e+00 0.0e+00 2.0e+00  0  0  0  0  3   3 43  0  0 17     2
MatMult                1 1.0 5.2498e+00 1.0 0.00e+00 0.0 2.0e+03 1.0e+04 3.0e+00  0  0 48  0  5  89  0100100 25     0
KSPGMRESOrthog         1 1.0 1.5957e-01 4.0 1.35e+04 1.0 0.0e+00 0.0e+00 1.0e+00  0  0  0  0  2   2 29  0  0  8     3
KSPSetUp               1 1.0 2.6298e-04 8.5 0.00e+00 0.0 0.0e+00 0.0e+00 0.0e+00  0  0  0  0  0   0  0  0  0  0     0
KSPSolve               1 1.0 5.5500e+00 1.0 4.73e+04 1.0 2.0e+03 1.0e+04 6.0e+00  0  0 48  0 10  93100100100 50     0
PCSetUp                1 1.0 1.9073e-06 0.0 0.00e+00 0.0 0.0e+00 0.0e+00 0.0e+00  0  0  0  0  0   0  0  0  0  0     0
PCApply                2 1.0 3.0041e-05 3.8 0.00e+00 0.0 0.0e+00 0.0e+00 0.0e+00  0  0  0  0  0   0  0  0  0  0     0
------------------------------------------------------------------------------------------------------------------------

Memory usage is given in bytes:

Object Type          Creations   Destructions     Memory  Descendants' Mem.
Reports information only for process 0.

--- Event Stage 0: Main Stage

              Vector    12             34    350932192     0
      Vector Scatter     3              3         2076     0
              Matrix     0              3         7824     0
       Krylov Solver     0              3       105072     0
      Preconditioner     0              3         2544     0
           Index Set     6              6         4992     0
              Viewer     1              0            0     0

--- Event Stage 1: Conv FFT

              Vector     9              0            0     0
              Matrix     1              0            0     0
       Krylov Solver     1              0            0     0
      Preconditioner     1              0            0     0

--- Event Stage 2: Reduced system

              Vector     7              0            0     0
              Matrix     1              0            0     0
       Krylov Solver     1              0            0     0
      Preconditioner     1              0            0     0

--- Event Stage 3: Integral Equation

              Vector     7              0            0     0
              Matrix     1              0            0     0
       Krylov Solver     1              0            0     0
      Preconditioner     1              0            0     0
========================================================================================================================
Average time to get PetscTime(): 5.96046e-07
Average time for MPI_Barrier(): 0.0680224
Average time for zero size MPI_Send(): 0.00500268
#PETSc Option Table entries:
-c 27000
-k 0.5
-log_summary
-n 100000000
-p 8000
#End of PETSc Option Table entries
Compiled without FORTRAN kernels
Compiled with full precision matrices (default)
sizeof(short) 2 sizeof(int) 4 sizeof(long) 8 sizeof(void*) 8 sizeof(PetscScalar) 16 sizeof(PetscInt) 8
Configure run at: Sun Mar 16 13:57:28 2014
Configure options: --with-scalar-type=complex --with-precision=double --with-debugging=no --download-f-blas-lapack --with-fortran-kernels=generic --with-64-bit-indices=1
-----------------------------------------
Libraries compiled on Sun Mar 16 13:57:28 2014 on gordon-ln1.sdsc.edu 
Machine characteristics: Linux-2.6.32-358.6.2.el6.x86_64-x86_64-with-centos-6.4-Final
Using PETSc directory: /home/nhantran/local/src/petsc-3.4.3
Using PETSc arch: arch-linux2-fftw
-----------------------------------------

Using C compiler: mpicc  -fPIC -wd1572 -O3  ${COPTFLAGS} ${CFLAGS}
Using Fortran compiler: mpif90  -fPIC -O3   ${FOPTFLAGS} ${FFLAGS} 
-----------------------------------------

Using include paths: -I/home/nhantran/local/src/petsc-3.4.3/arch-linux2-fftw/include -I/home/nhantran/local/src/petsc-3.4.3/include -I/home/nhantran/local/src/petsc-3.4.3/include -I/home/nhantran/local/src/petsc-3.4.3/arch-linux2-fftw/include -I/opt/mpich2/intel/ib/include
-----------------------------------------

Using C linker: mpicc
Using Fortran linker: mpif90
Using libraries: -Wl,-rpath,/home/nhantran/local/src/petsc-3.4.3/arch-linux2-fftw/lib -L/home/nhantran/local/src/petsc-3.4.3/arch-linux2-fftw/lib -lpetsc -Wl,-rpath,/home/nhantran/local/src/petsc-3.4.3/arch-linux2-fftw/lib -L/home/nhantran/local/src/petsc-3.4.3/arch-linux2-fftw/lib -lflapack -lfblas -lX11 -lpthread -Wl,-rpath,/opt/mpich2/intel/ib/lib -L/opt/mpich2/intel/ib/lib -Wl,-rpath,/opt/intel/composer_xe_2013.1.117/compiler/lib/intel64 -L/opt/intel/composer_xe_2013.1.117/compiler/lib/intel64 -Wl,-rpath,/opt/intel/composer_xe_2013.1.117/ipp/lib/intel64 -L/opt/intel/composer_xe_2013.1.117/ipp/lib/intel64 -Wl,-rpath,/opt/intel/composer_xe_2013.1.117/mkl/lib/intel64 -L/opt/intel/composer_xe_2013.1.117/mkl/lib/intel64 -Wl,-rpath,/opt/intel/composer_xe_2013.1.117/tbb/lib/intel64/cc4.1.0_libc2.4_kernel2.6.16.21 -L/opt/intel/composer_xe_2013.1.117/tbb/lib/intel64/cc4.1.0_libc2.4_kernel2.6.16.21 -Wl,-rpath,/opt/gridengine/lib/lx26-amd64 -L/opt/gridengine/lib/lx26-amd64 -Wl,-rpath,/opt/intel/composer_xe_2013.1.117/debugger/lib/intel64 -L/opt/intel/composer_xe_2013.1.117/debugger/lib/intel64 -Wl,-rpath,/opt/intel/composer_xe_2013.1.117/mpirt/lib/intel64 -L/opt/intel/composer_xe_2013.1.117/mpirt/lib/intel64 -Wl,-rpath,/usr/lib/gcc/x86_64-redhat-linux/4.4.7 -L/usr/lib/gcc/x86_64-redhat-linux/4.4.7 -lmpichf90 -lifport -lifcore -lm -lm -lmpichcxx -ldl -lmpich -lopa -lmpl -lrt -lpthread -limf -lsvml -lirng -lipgo -ldecimal -lcilkrts -lstdc++ -lgcc_s -lirc -lirc_s -ldl 
-----------------------------------------

