
WARNING: Volume of the domain containing particles should be positive. Set the default value!
WARNING: Particle radius should be positive and less than the domain size. Set the default value!
WARNING: Distance between neighboring particles should be positive, greater than the radius of a particle, and less than the domain size. Set the default value!
WARNING: Original refraction should not be zero. Set the default value!
WARNING: Desired refraction should not be zero. Set the default value!
WARNING: Distribution of particles should be positive. Set the default value!
----------------------- SOLVING PARTICLE SCATTERING PROBLEM -----------------------

Speed of wave, v:					34400
Frequency, f:						1000
Wave number, k:						0.182651
Direction of plane wave, alpha:				(1, 0, 0)
Kappa:							0.5
Volume of the domain that contains all particles, |D|:	1
Original refraction coefficient, n0:			1+0i
Desired refraction coefficient, n:			-1+0.001i
Distribution of particles, N:				1
Boundary impedance, zeta:				2.65481e-06+0.00530961i
Radius of one particle, a:				1.000000e-06
Distance between two neighboring particles, d:		1.000000e-03
Number of particles, M:					1000000000 (1.000000e+09)
Number of sub cubes after partitioning the domain, P:	8000
Total collocation points for solving integral equation:	27000

Initializing done:	Mem used: 2.17047e+07 	Elapsed time:	0:0:0
Matrix infinity norm:	1.00001			Max Row:	0
Matrix infinity norm:	1.00001			Max Row:	16
Matrix infinity norm:	1.00001			Max Row:	28
Matrix infinity norm:	1.00001			Max Row:	46
Matrix infinity norm:	1.00001			Max Row:	76
Matrix infinity norm:	1.00001			Max Row:	158
Matrix infinity norm:	1.00001			Max Row:	163
Matrix infinity norm:	1.00001			Max Row:	221
Matrix infinity norm:	1.00001			Max Row:	318
Matrix infinity norm:	1.00001			Max Row:	447
