[gcn-15-24.sdsc.edu:mpispawn_0][readline] Unexpected End-Of-File on file descriptor 20. MPI process died?
[gcn-15-24.sdsc.edu:mpispawn_0][mtpmi_processops] Error while reading PMI socket. MPI process died?
[gcn-15-24.sdsc.edu:mpispawn_0][child_handler] MPI process (rank: 10, pid: 41019) terminated with signal 9 -> abort job
[gcn-15-46.sdsc.edu:mpispawn_2][read_size] Unexpected End-Of-File on file descriptor 21. MPI process died?
[gcn-15-46.sdsc.edu:mpispawn_2][read_size] Unexpected End-Of-File on file descriptor 21. MPI process died?
[gcn-15-46.sdsc.edu:mpispawn_2][handle_mt_peer] Error while reading PMI socket. MPI process died?
[gcn-15-45.sdsc.edu:mpispawn_1][read_size] Unexpected End-Of-File on file descriptor 21. MPI process died?
[gcn-15-45.sdsc.edu:mpispawn_1][read_size] Unexpected End-Of-File on file descriptor 21. MPI process died?
[gcn-15-45.sdsc.edu:mpispawn_1][handle_mt_peer] Error while reading PMI socket. MPI process died?
[gcn-15-24.sdsc.edu:mpirun_rsh][process_mpispawn_connection] mpispawn_0 from node gcn-15-24 aborted: MPI process error (1)
[gcn-15-48.sdsc.edu:mpispawn_4][read_size] Unexpected End-Of-File on file descriptor 21. MPI process died?
[gcn-15-48.sdsc.edu:mpispawn_4][read_size] Unexpected End-Of-File on file descriptor 21. MPI process died?
[gcn-15-48.sdsc.edu:mpispawn_4][handle_mt_peer] Error while reading PMI socket. MPI process died?
[gcn-15-47.sdsc.edu:mpispawn_3][read_size] Unexpected End-Of-File on file descriptor 21. MPI process died?
[gcn-15-47.sdsc.edu:mpispawn_3][read_size] Unexpected End-Of-File on file descriptor 21. MPI process died?
[gcn-15-47.sdsc.edu:mpispawn_3][handle_mt_peer] Error while reading PMI socket. MPI process died?
[gcn-18-38.sdsc.edu:mpispawn_7][read_size] Unexpected End-Of-File on file descriptor 21. MPI process died?
[gcn-18-38.sdsc.edu:mpispawn_7][read_size] Unexpected End-Of-File on file descriptor 21. MPI process died?
[gcn-18-38.sdsc.edu:mpispawn_7][handle_mt_peer] Error while reading PMI socket. MPI process died?
[gcn-15-51.sdsc.edu:mpispawn_5][read_size] Unexpected End-Of-File on file descriptor 21. MPI process died?
[gcn-15-51.sdsc.edu:mpispawn_5][read_size] Unexpected End-Of-File on file descriptor 21. MPI process died?
[gcn-15-51.sdsc.edu:mpispawn_5][handle_mt_peer] Error while reading PMI socket. MPI process died?
[gcn-3-76.sdsc.edu:mpispawn_30][read_size] Unexpected End-Of-File on file descriptor 21. MPI process died?
[gcn-3-76.sdsc.edu:mpispawn_30][read_size] Unexpected End-Of-File on file descriptor 21. MPI process died?
[gcn-3-76.sdsc.edu:mpispawn_30][handle_mt_peer] Error while reading PMI socket. MPI process died?
[gcn-4-48.sdsc.edu:mpispawn_34][read_size] Unexpected End-Of-File on file descriptor 21. MPI process died?
[gcn-4-48.sdsc.edu:mpispawn_34][read_size] Unexpected End-Of-File on file descriptor 21. MPI process died?
[gcn-4-48.sdsc.edu:mpispawn_34][handle_mt_peer] Error while reading PMI socket. MPI process died?
[gcn-4-45.sdsc.edu:mpispawn_31][read_size] Unexpected End-Of-File on file descriptor 21. MPI process died?
[gcn-4-45.sdsc.edu:mpispawn_31][read_size] Unexpected End-Of-File on file descriptor 21. MPI process died?
[gcn-4-45.sdsc.edu:mpispawn_31][handle_mt_peer] Error while reading PMI socket. MPI process died?
[gcn-18-42.sdsc.edu:mpispawn_8][read_size] Unexpected End-Of-File on file descriptor 21. MPI process died?
[gcn-18-42.sdsc.edu:mpispawn_8][read_size] Unexpected End-Of-File on file descriptor 21. MPI process died?
[gcn-18-42.sdsc.edu:mpispawn_8][handle_mt_peer] Error while reading PMI socket. MPI process died?
[gcn-3-75.sdsc.edu:mpispawn_29][read_size] Unexpected End-Of-File on file descriptor 21. MPI process died?
[gcn-3-75.sdsc.edu:mpispawn_29][read_size] Unexpected End-Of-File on file descriptor 21. MPI process died?
[gcn-3-75.sdsc.edu:mpispawn_29][handle_mt_peer] Error while reading PMI socket. MPI process died?
[gcn-18-61.sdsc.edu:mpispawn_11][read_size] Unexpected End-Of-File on file descriptor 21. MPI process died?
[gcn-18-61.sdsc.edu:mpispawn_11][read_size] Unexpected End-Of-File on file descriptor 21. MPI process died?
[gcn-18-61.sdsc.edu:mpispawn_11][handle_mt_peer] Error while reading PMI socket. MPI process died?
[gcn-18-21.sdsc.edu:mpispawn_6][read_size] Unexpected End-Of-File on file descriptor 21. MPI process died?
[gcn-18-21.sdsc.edu:mpispawn_6][read_size] Unexpected End-Of-File on file descriptor 21. MPI process died?
[gcn-18-21.sdsc.edu:mpispawn_6][handle_mt_peer] Error while reading PMI socket. MPI process died?
[gcn-4-47.sdsc.edu:mpispawn_33][read_size] Unexpected End-Of-File on file descriptor 21. MPI process died?
[gcn-4-47.sdsc.edu:mpispawn_33][read_size] Unexpected End-Of-File on file descriptor 21. MPI process died?
[gcn-4-47.sdsc.edu:mpispawn_33][handle_mt_peer] Error while reading PMI socket. MPI process died?
[gcn-18-47.sdsc.edu:mpispawn_9][read_size] Unexpected End-Of-File on file descriptor 21. MPI process died?
[gcn-18-47.sdsc.edu:mpispawn_9][read_size] Unexpected End-Of-File on file descriptor 21. MPI process died?
[gcn-18-47.sdsc.edu:mpispawn_9][handle_mt_peer] Error while reading PMI socket. MPI process died?
[gcn-18-55.sdsc.edu:mpispawn_10][read_size] Unexpected End-Of-File on file descriptor 21. MPI process died?
[gcn-18-55.sdsc.edu:mpispawn_10][read_size] Unexpected End-Of-File on file descriptor 21. MPI process died?
[gcn-18-55.sdsc.edu:mpispawn_10][handle_mt_peer] Error while reading PMI socket. MPI process died?
[gcn-19-13.sdsc.edu:mpispawn_12][read_size] Unexpected End-Of-File on file descriptor 21. MPI process died?
[gcn-19-13.sdsc.edu:mpispawn_12][read_size] Unexpected End-Of-File on file descriptor 21. MPI process died?
[gcn-19-13.sdsc.edu:mpispawn_12][handle_mt_peer] Error while reading PMI socket. MPI process died?
[gcn-3-35.sdsc.edu:mpispawn_24][read_size] Unexpected End-Of-File on file descriptor 21. MPI process died?
[gcn-3-35.sdsc.edu:mpispawn_24][read_size] Unexpected End-Of-File on file descriptor 21. MPI process died?
[gcn-3-35.sdsc.edu:mpispawn_24][handle_mt_peer] Error while reading PMI socket. MPI process died?
[gcn-20-81.sdsc.edu:mpispawn_22][read_size] Unexpected End-Of-File on file descriptor 21. MPI process died?
[gcn-20-81.sdsc.edu:mpispawn_22][read_size] Unexpected End-Of-File on file descriptor 21. MPI process died?
[gcn-20-81.sdsc.edu:mpispawn_22][handle_mt_peer] Error while reading PMI socket. MPI process died?
[gcn-20-67.sdsc.edu:mpispawn_21][read_size] Unexpected End-Of-File on file descriptor 21. MPI process died?
[gcn-20-67.sdsc.edu:mpispawn_21][read_size] Unexpected End-Of-File on file descriptor 21. MPI process died?
[gcn-20-67.sdsc.edu:mpispawn_21][handle_mt_peer] Error while reading PMI socket. MPI process died?
[gcn-3-16.sdsc.edu:mpispawn_23][read_size] Unexpected End-Of-File on file descriptor 21. MPI process died?
[gcn-3-16.sdsc.edu:mpispawn_23][read_size] Unexpected End-Of-File on file descriptor 21. MPI process died?
[gcn-3-16.sdsc.edu:mpispawn_23][handle_mt_peer] Error while reading PMI socket. MPI process died?
[gcn-3-37.sdsc.edu:mpispawn_26][read_size] Unexpected End-Of-File on file descriptor 21. MPI process died?
[gcn-3-37.sdsc.edu:mpispawn_26][read_size] Unexpected End-Of-File on file descriptor 21. MPI process died?
[gcn-3-37.sdsc.edu:mpispawn_26][handle_mt_peer] Error while reading PMI socket. MPI process died?
[gcn-3-71.sdsc.edu:mpispawn_27][read_size] Unexpected End-Of-File on file descriptor 21. MPI process died?
[gcn-3-71.sdsc.edu:mpispawn_27][read_size] Unexpected End-Of-File on file descriptor 21. MPI process died?
[gcn-3-71.sdsc.edu:mpispawn_27][handle_mt_peer] Error while reading PMI socket. MPI process died?
[gcn-3-36.sdsc.edu:mpispawn_25][read_size] Unexpected End-Of-File on file descriptor 21. MPI process died?
[gcn-3-36.sdsc.edu:mpispawn_25][read_size] Unexpected End-Of-File on file descriptor 21. MPI process died?
[gcn-3-36.sdsc.edu:mpispawn_25][handle_mt_peer] Error while reading PMI socket. MPI process died?
[gcn-3-72.sdsc.edu:mpispawn_28][read_size] Unexpected End-Of-File on file descriptor 21. MPI process died?
[gcn-3-72.sdsc.edu:mpispawn_28][read_size] Unexpected End-Of-File on file descriptor 21. MPI process died?
[gcn-3-72.sdsc.edu:mpispawn_28][handle_mt_peer] Error while reading PMI socket. MPI process died?
[gcn-20-57.sdsc.edu:mpispawn_20][read_size] Unexpected End-Of-File on file descriptor 21. MPI process died?
[gcn-20-57.sdsc.edu:mpispawn_20][read_size] Unexpected End-Of-File on file descriptor 21. MPI process died?
[gcn-20-57.sdsc.edu:mpispawn_20][handle_mt_peer] Error while reading PMI socket. MPI process died?
[gcn-2-42.sdsc.edu:mpispawn_17][read_size] Unexpected End-Of-File on file descriptor 21. MPI process died?
[gcn-2-42.sdsc.edu:mpispawn_17][read_size] Unexpected End-Of-File on file descriptor 21. MPI process died?
[gcn-2-42.sdsc.edu:mpispawn_17][handle_mt_peer] Error while reading PMI socket. MPI process died?
[gcn-2-48.sdsc.edu:mpispawn_19][read_size] Unexpected End-Of-File on file descriptor 21. MPI process died?
[gcn-2-48.sdsc.edu:mpispawn_19][read_size] Unexpected End-Of-File on file descriptor 21. MPI process died?
[gcn-2-48.sdsc.edu:mpispawn_19][handle_mt_peer] Error while reading PMI socket. MPI process died?
[gcn-2-47.sdsc.edu:mpispawn_18][read_size] Unexpected End-Of-File on file descriptor 21. MPI process died?
[gcn-2-47.sdsc.edu:mpispawn_18][read_size] Unexpected End-Of-File on file descriptor 21. MPI process died?
[gcn-2-47.sdsc.edu:mpispawn_18][handle_mt_peer] Error while reading PMI socket. MPI process died?
[gcn-19-16.sdsc.edu:mpispawn_14][read_size] Unexpected End-Of-File on file descriptor 21. MPI process died?
[gcn-19-16.sdsc.edu:mpispawn_14][read_size] Unexpected End-Of-File on file descriptor 21. MPI process died?
[gcn-19-16.sdsc.edu:mpispawn_14][handle_mt_peer] Error while reading PMI socket. MPI process died?
[gcn-19-14.sdsc.edu:mpispawn_13][read_size] Unexpected End-Of-File on file descriptor 21. MPI process died?
[gcn-19-14.sdsc.edu:mpispawn_13][read_size] Unexpected End-Of-File on file descriptor 21. MPI process died?
[gcn-19-14.sdsc.edu:mpispawn_13][handle_mt_peer] Error while reading PMI socket. MPI process died?
[gcn-2-41.sdsc.edu:mpispawn_16][read_size] Unexpected End-Of-File on file descriptor 21. MPI process died?
[gcn-2-41.sdsc.edu:mpispawn_16][read_size] Unexpected End-Of-File on file descriptor 21. MPI process died?
[gcn-2-41.sdsc.edu:mpispawn_16][handle_mt_peer] Error while reading PMI socket. MPI process died?
[gcn-19-63.sdsc.edu:mpispawn_15][read_size] Unexpected End-Of-File on file descriptor 21. MPI process died?
[gcn-19-63.sdsc.edu:mpispawn_15][read_size] Unexpected End-Of-File on file descriptor 21. MPI process died?
[gcn-19-63.sdsc.edu:mpispawn_15][handle_mt_peer] Error while reading PMI socket. MPI process died?
