
WARNING: Volume of the domain containing particles should be positive. Set the default value!
WARNING: Particle radius should be positive and less than the domain size. Set the default value!
WARNING: Distance between neighboring particles should be positive, greater than the radius of a particle, and less than the domain size. Set the default value!
WARNING: Original refraction should not be zero. Set the default value!
WARNING: Desired refraction should not be zero. Set the default value!
WARNING: Distribution of particles should be positive. Set the default value!
----------------------- SOLVING PARTICLE SCATTERING PROBLEM -----------------------

Speed of wave, v:					34400
Frequency, f:						1000
Wave number, k:						0.182651
Direction of plane wave, alpha:				(1, 0, 0)
Kappa:							0.5
Volume of the domain that contains all particles, |D|:	1
Original refraction coefficient, n0:			1+0i
Desired refraction coefficient, n:			-1+0.001i
Distribution of particles, N:				1
Boundary impedance, zeta:				4.82411e-06+0.00964821i
Radius of one particle, a:				3.028534e-07
Distance between two neighboring particles, d:		5.503212e-04
Number of particles, M:					6000000000 (6.000000e+09)
Number of sub cubes after partitioning the domain, P:	8000
Total collocation points for solving integral equation:	27000

Initializing done:	Mem used: 2.11231e+07 	Elapsed time:	0:0:0
Setting up FFT:		Mem used: 2.48504e+07 	Elapsed time:	0:0:1
Setting up RHS done:	Mem used: 2.483e+08 	Elapsed time:	0:0:6

Computing:
Tolerance:	0.001
Method:		cg
Copy internal vector:	Mem used: 2.93415e+09 	Elapsed time:	0:0:10
Apply FFT:		Mem used: 2.93915e+09 	Elapsed time:	0:3:21
Pad Green cube:		Mem used: 4.74384e+09 	Elapsed time:	0:8:23
Multiply vectors:	Mem used: 4.74384e+09 	Elapsed time:	0:8:25
Apply iFFT:		Mem used: 2.94983e+09 	Elapsed time:	0:10:44
Copy internal vector:	Mem used: 6.09527e+09 	Elapsed time:	0:11:5
Assembly result:	Mem used: 2.95465e+09 	Elapsed time:	0:16:58

Solving the original linear system (FFT):
Norm of error:	1.20485
Iterations:	1
Elapsed time:	0:16:59

Solving the reduced linear system:
Norm of error:	0.00158398
Iterations:	1
Elapsed time:	0:16:59

Solving the integral equation:
Norm of error:	0.00299047
Iterations:	1
Elapsed time:	0:17:0

Comparing solutions:
(Original system)   vs (Reduced system):	0.00164349
(Integral equation) vs (Original system):	0.00168648
(Integral equation) vs (Reduced system):	-nan
(Original system)   vs (Incident field):	7.82253e-06

Started on:	Mon Apr 21 08:34:01 2014
Finished on:	Mon Apr 21 08:51:22 2014
Elapsed time:	0:17:21
