[gcn-14-81.sdsc.edu:mpispawn_0][readline] Unexpected End-Of-File on file descriptor 9. MPI process died?
[gcn-14-81.sdsc.edu:mpispawn_0][mtpmi_processops] Error while reading PMI socket. MPI process died?
[gcn-14-81.sdsc.edu:mpispawn_0][child_handler] MPI process (rank: 4, pid: 74134) terminated with signal 9 -> abort job
[gcn-14-81.sdsc.edu:mpirun_rsh][process_mpispawn_connection] mpispawn_0 from node gcn-14-81 aborted: MPI process error (1)
[gcn-16-36.sdsc.edu:mpispawn_2][read_size] Unexpected End-Of-File on file descriptor 21. MPI process died?
[gcn-16-36.sdsc.edu:mpispawn_2][read_size] Unexpected End-Of-File on file descriptor 21. MPI process died?
[gcn-16-36.sdsc.edu:mpispawn_2][handle_mt_peer] Error while reading PMI socket. MPI process died?
[gcn-16-46.sdsc.edu:mpispawn_4][read_size] Unexpected End-Of-File on file descriptor 21. MPI process died?
[gcn-16-46.sdsc.edu:mpispawn_4][read_size] Unexpected End-Of-File on file descriptor 21. MPI process died?
[gcn-16-46.sdsc.edu:mpispawn_4][handle_mt_peer] Error while reading PMI socket. MPI process died?
[gcn-14-83.sdsc.edu:mpispawn_1][read_size] Unexpected End-Of-File on file descriptor 21. MPI process died?
[gcn-14-83.sdsc.edu:mpispawn_1][read_size] Unexpected End-Of-File on file descriptor 21. MPI process died?
[gcn-14-83.sdsc.edu:mpispawn_1][handle_mt_peer] Error while reading PMI socket. MPI process died?
[gcn-16-42.sdsc.edu:mpispawn_3][read_size] Unexpected End-Of-File on file descriptor 21. MPI process died?
[gcn-16-42.sdsc.edu:mpispawn_3][read_size] Unexpected End-Of-File on file descriptor 21. MPI process died?
[gcn-16-42.sdsc.edu:mpispawn_3][handle_mt_peer] Error while reading PMI socket. MPI process died?
[gcn-8-76.sdsc.edu:mpispawn_18][read_size] Unexpected End-Of-File on file descriptor 21. MPI process died?
[gcn-8-76.sdsc.edu:mpispawn_18][read_size] Unexpected End-Of-File on file descriptor 21. MPI process died?
[gcn-8-76.sdsc.edu:mpispawn_18][handle_mt_peer] Error while reading PMI socket. MPI process died?
[gcn-8-68.sdsc.edu:mpispawn_17][read_size] Unexpected End-Of-File on file descriptor 21. MPI process died?
[gcn-8-68.sdsc.edu:mpispawn_17][read_size] Unexpected End-Of-File on file descriptor 21. MPI process died?
[gcn-8-68.sdsc.edu:mpispawn_17][handle_mt_peer] Error while reading PMI socket. MPI process died?
[gcn-9-88.sdsc.edu:mpispawn_19][read_size] Unexpected End-Of-File on file descriptor 21. MPI process died?
[gcn-9-88.sdsc.edu:mpispawn_19][read_size] Unexpected End-Of-File on file descriptor 21. MPI process died?
[gcn-9-88.sdsc.edu:mpispawn_19][handle_mt_peer] Error while reading PMI socket. MPI process died?
[gcn-7-16.sdsc.edu:mpispawn_11][read_size] Unexpected End-Of-File on file descriptor 21. MPI process died?
[gcn-7-16.sdsc.edu:mpispawn_11][read_size] Unexpected End-Of-File on file descriptor 21. MPI process died?
[gcn-7-16.sdsc.edu:mpispawn_11][handle_mt_peer] Error while reading PMI socket. MPI process died?
[gcn-5-81.sdsc.edu:mpispawn_9][read_size] Unexpected End-Of-File on file descriptor 21. MPI process died?
[gcn-5-81.sdsc.edu:mpispawn_9][read_size] Unexpected End-Of-File on file descriptor 21. MPI process died?
[gcn-5-81.sdsc.edu:mpispawn_9][handle_mt_peer] Error while reading PMI socket. MPI process died?
[gcn-6-48.sdsc.edu:mpispawn_10][read_size] Unexpected End-Of-File on file descriptor 21. MPI process died?
[gcn-6-48.sdsc.edu:mpispawn_10][read_size] Unexpected End-Of-File on file descriptor 21. MPI process died?
[gcn-6-48.sdsc.edu:mpispawn_10][handle_mt_peer] Error while reading PMI socket. MPI process died?
[gcn-7-21.sdsc.edu:mpispawn_12][read_size] Unexpected End-Of-File on file descriptor 21. MPI process died?
[gcn-7-21.sdsc.edu:mpispawn_12][read_size] Unexpected End-Of-File on file descriptor 21. MPI process died?
[gcn-7-21.sdsc.edu:mpispawn_12][handle_mt_peer] Error while reading PMI socket. MPI process died?
[gcn-7-88.sdsc.edu:mpispawn_14][read_size] Unexpected End-Of-File on file descriptor 21. MPI process died?
[gcn-7-88.sdsc.edu:mpispawn_14][read_size] Unexpected End-Of-File on file descriptor 21. MPI process died?
[gcn-7-88.sdsc.edu:mpispawn_14][handle_mt_peer] Error while reading PMI socket. MPI process died?
[gcn-8-47.sdsc.edu:mpispawn_15][read_size] Unexpected End-Of-File on file descriptor 21. MPI process died?
[gcn-8-47.sdsc.edu:mpispawn_15][read_size] Unexpected End-Of-File on file descriptor 21. MPI process died?
[gcn-8-47.sdsc.edu:mpispawn_15][handle_mt_peer] Error while reading PMI socket. MPI process died?
[gcn-8-67.sdsc.edu:mpispawn_16][read_size] Unexpected End-Of-File on file descriptor 21. MPI process died?
[gcn-8-67.sdsc.edu:mpispawn_16][read_size] Unexpected End-Of-File on file descriptor 21. MPI process died?
[gcn-8-67.sdsc.edu:mpispawn_16][handle_mt_peer] Error while reading PMI socket. MPI process died?
[gcn-7-66.sdsc.edu:mpispawn_13][read_size] Unexpected End-Of-File on file descriptor 21. MPI process died?
[gcn-7-66.sdsc.edu:mpispawn_13][read_size] Unexpected End-Of-File on file descriptor 21. MPI process died?
[gcn-7-66.sdsc.edu:mpispawn_13][handle_mt_peer] Error while reading PMI socket. MPI process died?
[gcn-4-65.sdsc.edu:mpispawn_7][read_size] Unexpected End-Of-File on file descriptor 21. MPI process died?
[gcn-4-65.sdsc.edu:mpispawn_7][read_size] Unexpected End-Of-File on file descriptor 21. MPI process died?
[gcn-4-65.sdsc.edu:mpispawn_7][handle_mt_peer] Error while reading PMI socket. MPI process died?
[gcn-4-66.sdsc.edu:mpispawn_8][read_size] Unexpected End-Of-File on file descriptor 21. MPI process died?
[gcn-4-66.sdsc.edu:mpispawn_8][read_size] Unexpected End-Of-File on file descriptor 21. MPI process died?
[gcn-4-66.sdsc.edu:mpispawn_8][handle_mt_peer] Error while reading PMI socket. MPI process died?
[gcn-2-58.sdsc.edu:mpispawn_5][read_size] Unexpected End-Of-File on file descriptor 21. MPI process died?
[gcn-2-58.sdsc.edu:mpispawn_5][read_size] Unexpected End-Of-File on file descriptor 21. MPI process died?
[gcn-2-58.sdsc.edu:mpispawn_5][handle_mt_peer] Error while reading PMI socket. MPI process died?
[gcn-2-61.sdsc.edu:mpispawn_6][read_size] Unexpected End-Of-File on file descriptor 21. MPI process died?
[gcn-2-61.sdsc.edu:mpispawn_6][read_size] Unexpected End-Of-File on file descriptor 21. MPI process died?
[gcn-2-61.sdsc.edu:mpispawn_6][handle_mt_peer] Error while reading PMI socket. MPI process died?
