
WARNING: Volume of the domain containing particles should be positive. Set the default value!
WARNING: Particle radius should be positive and less than the domain size. Set the default value!
WARNING: Distance between neighboring particles should be positive, greater than the radius of a particle, and less than the domain size. Set the default value!
WARNING: Original refraction should not be zero. Set the default value!
WARNING: Desired refraction should not be zero. Set the default value!
WARNING: Distribution of particles should be positive. Set the default value!
----------------------- SOLVING PARTICLE SCATTERING PROBLEM -----------------------

Speed of wave, v:					34400
Frequency, f:						1000
Wave number, k:						0.182651
Direction of plane wave, alpha:				(1, 0, 0)
Kappa:							0.5
Volume of the domain that contains all particles, |D|:	1
Original refraction coefficient, n0:			1+0i
Desired refraction coefficient, n:			-1+0.001i
Distribution of particles, N:				1
Boundary impedance, zeta:				1.23225e-06+0.0024645i
Radius of one particle, a:				4.641589e-06
Distance between two neighboring particles, d:		2.154435e-03
Number of particles, M:					100000000 (1.000000e+08)
Number of sub cubes after partitioning the domain, P:	8000
Total collocation points for solving integral equation:	27000

Initializing done!
Elapsed time:	0:0:0

Setting up FFT .... done!
Elapsed time:	0:0:11

Setting up RHS done!
Elapsed time:	0:0:12

Computing:
Tolerance:	0.001
Method:		cg
  0 KSP Residual norm 1.000000000000e+04 
....
  1 KSP Residual norm 1.741255968809e-01 

Solving the original linear system (FFT):
Norm of error:	0.174126
Iterations:	1
Elapsed time:	0:0:31
  0 KSP Residual norm 8.944271850586e+01 
  1 KSP Residual norm 1.594349625520e-03 

Solving the reduced linear system:
Norm of error:	0.00159435
Iterations:	1
Elapsed time:	0:0:31
  0 KSP Residual norm 1.643167724609e+02 
  1 KSP Residual norm 2.998497569934e-03 

Solving the integral equation:
Norm of error:	0.0029985
Iterations:	1
Elapsed time:	0:0:33

Comparing solutions:
(Original system)   vs (Reduced system):	0.00171412
(Integral equation) vs (Original system):	0.00549282
(Integral equation) vs (Reduced system):	0.0563097
(Original system)   vs (Incident field):	8.68701e-06

Started on:	Tue Mar 25 16:28:11 2014
Finished on:	Tue Mar 25 16:28:45 2014
Elapsed time:	0:0:34
************************************************************************************************************************
***             WIDEN YOUR WINDOW TO 120 CHARACTERS.  Use 'enscript -r -fCourier9' to print this document            ***
************************************************************************************************************************

---------------------------------------------- PETSc Performance Summary: ----------------------------------------------

./scat on a arch-linux2-fftw named gcn-16-26.sdsc.edu with 32 processors, by nhantran Tue Mar 25 16:28:45 2014
Using Petsc Release Version 3.4.3, Oct, 15, 2013 

                         Max       Max/Min        Avg      Total 
Time (sec):           3.396e+01      1.00001   3.396e+01
Objects:              4.800e+01      1.00000   4.800e+01
Flops:                3.740e+08      1.03808   3.736e+08  1.195e+10
Flops/sec:            1.101e+07      1.03809   1.100e+07  3.520e+08
MPI Messages:         1.440e+02      1.14286   1.284e+02  4.108e+03
MPI Message Lengths:  4.745e+08      9.38772   7.973e+05  3.275e+09
MPI Reductions:       6.600e+01      1.00000

Flop counting convention: 1 flop = 1 real number operation of type (multiply/divide/add/subtract)
                            e.g., VecAXPY() for real vectors of length N --> 2N flops
                            and VecAXPY() for complex vectors of length N --> 8N flops

Summary of Stages:   ----- Time ------  ----- Flops -----  --- Messages ---  -- Message Lengths --  -- Reductions --
                        Avg     %Total     Avg     %Total   counts   %Total     Avg         %Total   counts   %Total 
 0:      Main Stage: 1.2537e+00   3.7%  8.0017e+08   6.7%  0.000e+00   0.0%  0.000e+00        0.0%  2.200e+01  33.3% 
 1:        Conv FFT: 3.0885e+01  90.9%  1.1152e+10  93.3%  1.400e+02   3.4%  7.931e+05       99.5%  1.700e+01  25.8% 
 2:  Reduced system: 1.5154e-01   0.4%  3.8374e+05   0.0%  1.984e+03  48.3%  9.659e+02        0.1%  1.300e+01  19.7% 
 3: Integral Equation: 1.6691e+00   4.9%  1.2957e+06   0.0%  1.984e+03  48.3%  3.260e+03        0.4%  1.300e+01  19.7% 

------------------------------------------------------------------------------------------------------------------------
See the 'Profiling' chapter of the users' manual for details on interpreting output.
Phase summary info:
   Count: number of times phase was executed
   Time and Flops: Max - maximum over all processors
                   Ratio - ratio of maximum to minimum over all processors
   Mess: number of messages sent
   Avg. len: average message length (bytes)
   Reduct: number of global reductions
   Global: entire computation
   Stage: stages of a computation. Set stages with PetscLogStagePush() and PetscLogStagePop().
      %T - percent time in this phase         %f - percent flops in this phase
      %M - percent messages in this phase     %L - percent message lengths in this phase
      %R - percent reductions in this phase
   Total Mflop/s: 10e-6 * (sum of flops over all processors)/(max time over all processors)
------------------------------------------------------------------------------------------------------------------------


      ##########################################################
      #                                                        #
      #                          WARNING!!!                    #
      #                                                        #
      #   The code for various complex numbers numerical       #
      #   kernels uses C++, which generally is not well        #
      #   optimized.  For performance that is about 4-5 times  #
      #   faster, specify --with-fortran-kernels=1             #
      #   when running ./configure.py.                         #
      #                                                        #
      ##########################################################


Event                Count      Time (sec)     Flops                             --- Global ---  --- Stage ---   Total
                   Max Ratio  Max     Ratio   Max  Ratio  Mess   Avg len Reduct  %T %f %M %L %R  %T %f %M %L %R Mflop/s
------------------------------------------------------------------------------------------------------------------------

--- Event Stage 0: Main Stage

VecNorm                4 1.0 2.9135e-01 2.0 0.00e+00 0.0 0.0e+00 0.0e+00 4.0e+00  1  0  0  0  6  18  0  0  0 18     0
VecSet                 3 1.0 1.4782e-04 2.9 0.00e+00 0.0 0.0e+00 0.0e+00 0.0e+00  0  0  0  0  0   0  0  0  0  0     0
VecAXPY                1 1.0 1.7350e-02 1.0 2.50e+07 1.0 0.0e+00 0.0e+00 0.0e+00  0  7  0  0  0   1100  0  0  0 46110
VecScatterBegin        3 1.0 4.8900e-04 1.1 0.00e+00 0.0 0.0e+00 0.0e+00 3.0e+00  0  0  0  0  5   0  0  0  0 14     0

--- Event Stage 1: Conv FFT

VecDot                 2 1.0 2.1374e-0113.6 5.00e+07 1.0 0.0e+00 0.0e+00 2.0e+00  0 13  0  0  3   0 14  0  0 12  7486
VecNorm                2 1.0 1.6896e-02 1.5 5.00e+07 1.0 0.0e+00 0.0e+00 2.0e+00  0 13  0  0  3   0 14  0  0 12 94696
VecScale               1 1.0 1.0258e-01 1.5 9.95e+07 1.1 0.0e+00 0.0e+00 0.0e+00  0 27  0  0  0   0 28  0  0  0 30963
VecCopy                5 1.0 1.5342e-01 1.2 0.00e+00 0.0 0.0e+00 0.0e+00 0.0e+00  0  0  0  0  0   0  0  0  0  0     0
VecSet                 2 1.0 4.8039e-02 1.1 0.00e+00 0.0 0.0e+00 0.0e+00 0.0e+00  0  0  0  0  0   0  0  0  0  0     0
VecAXPY                2 1.0 3.4404e-02 1.0 5.00e+07 1.0 0.0e+00 0.0e+00 0.0e+00  0 13  0  0  0   0 14  0  0  0 46506
VecAssemblyBegin       3 1.0 2.1012e+00 3.4 0.00e+00 0.0 1.4e+02 2.3e+07 9.0e+00  5  0  3 99 14   6  0100100 53     0
VecAssemblyEnd         3 1.0 4.7194e-0114.8 0.00e+00 0.0 0.0e+00 0.0e+00 0.0e+00  1  0  0  0  0   1  0  0  0  0     0
VecPointwiseMult       1 1.0 1.4505e-01 1.5 9.95e+07 1.1 0.0e+00 0.0e+00 0.0e+00  0 27  0  0  0   0 28  0  0  0 21897
MatMult                1 1.0 1.9134e+01 1.0 9.95e+07 1.1 1.4e+02 2.3e+07 6.0e+00 56 27  3 99  9  62 28100100 35   166
KSPSetUp               1 1.0 3.7077e-02 1.1 0.00e+00 0.0 0.0e+00 0.0e+00 0.0e+00  0  0  0  0  0   0  0  0  0  0     0
KSPSolve               1 1.0 1.9294e+01 1.0 2.49e+08 1.0 1.4e+02 2.3e+07 1.0e+01 57 67  3 99 15  62 72100100 59   413
PCSetUp                1 1.0 1.1921e-06 0.0 0.00e+00 0.0 0.0e+00 0.0e+00 0.0e+00  0  0  0  0  0   0  0  0  0  0     0
PCApply                2 1.0 2.8549e-02 1.0 0.00e+00 0.0 0.0e+00 0.0e+00 0.0e+00  0  0  0  0  0   0  0  0  0  0     0

--- Event Stage 2: Reduced system

VecDot                 2 1.0 2.9683e-04 5.3 3.99e+03 1.0 0.0e+00 0.0e+00 2.0e+00  0  0  0  0  3   0 33  0  0 15   430
VecNorm                2 1.0 1.9693e-04 3.3 4.00e+03 1.0 0.0e+00 0.0e+00 2.0e+00  0  0  0  0  3   0 33  0  0 15   650
VecCopy                4 1.0 5.0068e-06 5.2 0.00e+00 0.0 0.0e+00 0.0e+00 0.0e+00  0  0  0  0  0   0  0  0  0  0     0
VecSet                 2 1.0 1.9073e-06 0.0 0.00e+00 0.0 0.0e+00 0.0e+00 0.0e+00  0  0  0  0  0   0  0  0  0  0     0
VecAXPY                2 1.0 4.0531e-06 3.4 4.00e+03 1.0 0.0e+00 0.0e+00 0.0e+00  0  0  0  0  0   0 33  0  0  0 31581
VecAssemblyBegin       2 1.0 4.2770e-03 1.9 0.00e+00 0.0 2.0e+03 2.0e+03 6.0e+00  0  0 48  0  9   2  0100100 46     0
VecAssemblyEnd         2 1.0 4.6015e-05 1.2 0.00e+00 0.0 0.0e+00 0.0e+00 0.0e+00  0  0  0  0  0   0  0  0  0  0     0
MatMult                1 1.0 1.4538e-01 1.0 0.00e+00 0.0 2.0e+03 2.0e+03 3.0e+00  0  0 48  0  5  96  0100100 23     0
KSPSetUp               1 1.0 1.4067e-05 1.3 0.00e+00 0.0 0.0e+00 0.0e+00 0.0e+00  0  0  0  0  0   0  0  0  0  0     0
KSPSolve               1 1.0 1.4589e-01 1.0 1.20e+04 1.0 2.0e+03 2.0e+03 7.0e+00  0  0 48  0 11  96100100100 54     3
PCSetUp                1 1.0 9.5367e-07 0.0 0.00e+00 0.0 0.0e+00 0.0e+00 0.0e+00  0  0  0  0  0   0  0  0  0  0     0
PCApply                2 1.0 3.0994e-06 3.2 0.00e+00 0.0 0.0e+00 0.0e+00 0.0e+00  0  0  0  0  0   0  0  0  0  0     0

--- Event Stage 3: Integral Equation

VecDot                 2 1.0 2.8801e-04 8.2 1.35e+04 1.0 0.0e+00 0.0e+00 2.0e+00  0  0  0  0  3   0 33  0  0 15  1499
VecNorm                2 1.0 1.7905e-04 7.2 1.35e+04 1.0 0.0e+00 0.0e+00 2.0e+00  0  0  0  0  3   0 33  0  0 15  2413
VecCopy                4 1.0 6.9141e-06 7.2 0.00e+00 0.0 0.0e+00 0.0e+00 0.0e+00  0  0  0  0  0   0  0  0  0  0     0
VecSet                 2 1.0 2.1458e-06 0.0 0.00e+00 0.0 0.0e+00 0.0e+00 0.0e+00  0  0  0  0  0   0  0  0  0  0     0
VecAXPY                2 1.0 7.1526e-06 1.8 1.35e+04 1.0 0.0e+00 0.0e+00 0.0e+00  0  0  0  0  0   0 33  0  0  0 60398
VecAssemblyBegin       2 1.0 3.5540e-0215.9 0.00e+00 0.0 2.0e+03 6.8e+03 6.0e+00  0  0 48  0  9   1  0100100 46     0
VecAssemblyEnd         2 1.0 9.7990e-05 1.3 0.00e+00 0.0 0.0e+00 0.0e+00 0.0e+00  0  0  0  0  0   0  0  0  0  0     0
MatMult                1 1.0 1.6680e+00 1.0 0.00e+00 0.0 2.0e+03 6.8e+03 3.0e+00  5  0 48  0  5 100  0100100 23     0
KSPSetUp               1 1.0 1.5020e-05 1.3 0.00e+00 0.0 0.0e+00 0.0e+00 0.0e+00  0  0  0  0  0   0  0  0  0  0     0
KSPSolve               1 1.0 1.6684e+00 1.0 4.05e+04 1.0 2.0e+03 6.8e+03 7.0e+00  5  0 48  0 11 100100100100 54     1
PCSetUp                1 1.0 9.5367e-07 0.0 0.00e+00 0.0 0.0e+00 0.0e+00 0.0e+00  0  0  0  0  0   0  0  0  0  0     0
PCApply                2 1.0 3.0994e-06 3.2 0.00e+00 0.0 0.0e+00 0.0e+00 0.0e+00  0  0  0  0  0   0  0  0  0  0     0
------------------------------------------------------------------------------------------------------------------------

Memory usage is given in bytes:

Object Type          Creations   Destructions     Memory  Descendants' Mem.
Reports information only for process 0.

--- Event Stage 0: Main Stage

              Vector    12             29    324403160     0
      Vector Scatter     3              3         2076     0
              Matrix     0              3         7752     0
       Krylov Solver     0              3         3912     0
      Preconditioner     0              3         2544     0
           Index Set     6              6         4992     0

--- Event Stage 1: Conv FFT

              Vector     7              0            0     0
              Matrix     1              0            0     0
       Krylov Solver     1              0            0     0
      Preconditioner     1              0            0     0
              Viewer     1              0            0     0

--- Event Stage 2: Reduced system

              Vector     5              0            0     0
              Matrix     1              0            0     0
       Krylov Solver     1              0            0     0
      Preconditioner     1              0            0     0

--- Event Stage 3: Integral Equation

              Vector     5              0            0     0
              Matrix     1              0            0     0
       Krylov Solver     1              0            0     0
      Preconditioner     1              0            0     0
========================================================================================================================
Average time to get PetscTime(): 0
Average time for MPI_Barrier(): 5.57899e-06
Average time for zero size MPI_Send(): 7.99447e-06
#PETSc Option Table entries:
-c 27000
-k 0.5
-ksp_monitor
-ksp_type cg
-log_summary
-n 100000000
-p 8000
#End of PETSc Option Table entries
Compiled without FORTRAN kernels
Compiled with single precision PetscScalar and PetscReal
Compiled with full precision matrices (default)
sizeof(short) 2 sizeof(int) 4 sizeof(long) 8 sizeof(void*) 8 sizeof(PetscScalar) 8 sizeof(PetscInt) 8
Configure run at: Sat Mar 22 19:43:57 2014
Configure options: --with-scalar-type=complex --with-precision=single --with-debugging=no --download-f-blas-lapack --with-fortran-kernels=generic --with-64-bit-indices=1
-----------------------------------------
Libraries compiled on Sat Mar 22 19:43:57 2014 on gordon-ln2.sdsc.edu 
Machine characteristics: Linux-2.6.32-358.6.2.el6.x86_64-x86_64-with-centos-6.4-Final
Using PETSc directory: /home/nhantran/local/src/petsc-3.4.3
Using PETSc arch: arch-linux2-fftw
-----------------------------------------

Using C compiler: mpicc  -fPIC -wd1572 -O3  ${COPTFLAGS} ${CFLAGS}
Using Fortran compiler: mpif90  -fPIC -O3   ${FOPTFLAGS} ${FFLAGS} 
-----------------------------------------

Using include paths: -I/home/nhantran/local/src/petsc-3.4.3/arch-linux2-fftw/include -I/home/nhantran/local/src/petsc-3.4.3/include -I/home/nhantran/local/src/petsc-3.4.3/include -I/home/nhantran/local/src/petsc-3.4.3/arch-linux2-fftw/include -I/opt/mvapich2/intel/ib/include
-----------------------------------------

Using C linker: mpicc
Using Fortran linker: mpif90
Using libraries: -Wl,-rpath,/home/nhantran/local/src/petsc-3.4.3/arch-linux2-fftw/lib -L/home/nhantran/local/src/petsc-3.4.3/arch-linux2-fftw/lib -lpetsc -Wl,-rpath,/home/nhantran/local/src/petsc-3.4.3/arch-linux2-fftw/lib -L/home/nhantran/local/src/petsc-3.4.3/arch-linux2-fftw/lib -lflapack -lfblas -lX11 -lpthread -Wl,-rpath,/opt/mvapich2/intel/ib/lib -L/opt/mvapich2/intel/ib/lib -Wl,-rpath,/opt/intel/composer_xe_2013.1.117/compiler/lib/intel64 -L/opt/intel/composer_xe_2013.1.117/compiler/lib/intel64 -Wl,-rpath,/opt/intel/composer_xe_2013.1.117/ipp/lib/intel64 -L/opt/intel/composer_xe_2013.1.117/ipp/lib/intel64 -Wl,-rpath,/opt/intel/composer_xe_2013.1.117/mkl/lib/intel64 -L/opt/intel/composer_xe_2013.1.117/mkl/lib/intel64 -Wl,-rpath,/opt/intel/composer_xe_2013.1.117/tbb/lib/intel64/cc4.1.0_libc2.4_kernel2.6.16.21 -L/opt/intel/composer_xe_2013.1.117/tbb/lib/intel64/cc4.1.0_libc2.4_kernel2.6.16.21 -Wl,-rpath,/opt/gridengine/lib/lx26-amd64 -L/opt/gridengine/lib/lx26-amd64 -Wl,-rpath,/opt/intel/composer_xe_2013.1.117/debugger/lib/intel64 -L/opt/intel/composer_xe_2013.1.117/debugger/lib/intel64 -Wl,-rpath,/opt/intel/composer_xe_2013.1.117/mpirt/lib/intel64 -L/opt/intel/composer_xe_2013.1.117/mpirt/lib/intel64 -Wl,-rpath,/opt/gnu/gcc/lib/gcc/x86_64-unknown-linux-gnu/4.8.1 -L/opt/gnu/gcc/lib/gcc/x86_64-unknown-linux-gnu/4.8.1 -Wl,-rpath,/opt/gnu/gcc/lib64 -L/opt/gnu/gcc/lib64 -Wl,-rpath,/opt/gnu/gcc/lib -L/opt/gnu/gcc/lib -lmpichf90 -lifport -lifcore -lm -lm -lmpichcxx -ldl -lmpich -lopa -lmpl -libmad -lrdmacm -libumad -libverbs -lrt -lhwloc -llimic2 -lpthread -limf -lsvml -lirng -lipgo -ldecimal -lcilkrts -lstdc++ -lgcc_s -lirc -lirc_s -ldl 
-----------------------------------------

