
WARNING: Volume of the domain containing particles should be positive. Set the default value!
WARNING: Particle radius should be positive and less than the domain size. Set the default value!
WARNING: Distance between neighboring particles should be positive, greater than the radius of a particle, and less than the domain size. Set the default value!
WARNING: Original refraction should not be zero. Set the default value!
WARNING: Desired refraction should not be zero. Set the default value!
WARNING: Distribution of particles should be positive. Set the default value!
----------------------- SOLVING PARTICLE SCATTERING PROBLEM -----------------------

Speed of wave, v:					34400
Frequency, f:						1000
Wave number, k:						0.182651
Direction of plane wave, alpha:				(1, 0, 0)
Kappa:							0.5
Volume of the domain that contains all particles, |D|:	1
Original refraction coefficient, n0:			1+0i
Desired refraction coefficient, n:			-1+0.001i
Distribution of particles, N:				1
Boundary impedance, zeta:				4.21424e-06+0.00842849i
Radius of one particle, a:				3.968503e-07
Distance between two neighboring particles, d:		6.299605e-04
Number of particles, M:					4000000000 (4.000000e+09)
Number of sub cubes after partitioning the domain, P:	8000
Total collocation points for solving integral equation:	27000

Initializing done:	Mem used: 2.1033e+07 	Elapsed time:	0:0:0
Setting up FFT:		Mem used: 2.37691e+07 	Elapsed time:	0:0:0
Setting up RHS done:	Mem used: 2.52522e+08 	Elapsed time:	0:0:3

Computing:
Tolerance:	0.001
Method:		cg
Copy internal vector:	Mem used: 3.01796e+09 	Elapsed time:	0:0:9
Apply FFT:		Mem used: 3.02508e+09 	Elapsed time:	0:5:1
Pad Green cube:		Mem used: 4.88708e+09 	Elapsed time:	0:7:57
Multiply vectors:	Mem used: 4.88708e+09 	Elapsed time:	0:7:58
Apply iFFT:		Mem used: 3.03577e+09 	Elapsed time:	0:10:14
Copy internal vector:	Mem used: 6.28398e+09 	Elapsed time:	0:13:17
Assembly result:	Mem used: 3.03465e+09 	Elapsed time:	0:17:28

Solving the original linear system (FFT):
Norm of error:	0.988829
Iterations:	1
Elapsed time:	0:17:34
Free FFT memory:	Mem used: 1.18626e+09 	Elapsed time:	0:17:35

Solving the reduced linear system:
Norm of error:	0.0015793
Iterations:	1
Elapsed time:	0:17:35

Solving the integral equation:
Norm of error:	0.00298049
Iterations:	1
Elapsed time:	0:17:35

Comparing solutions:
(Original system)   vs (Reduced system):	0.000846825
(Integral equation) vs (Original system):	0.0030549
(Integral equation) vs (Reduced system):	-nan
(Original system)   vs (Incident field):	7.89634e-06

Started on:	Fri Apr 18 14:36:08 2014
Finished on:	Fri Apr 18 14:54:04 2014
Elapsed time:	0:17:56
