
WARNING: Volume of the domain containing particles should be positive. Set the default value!
WARNING: Particle radius should be positive and less than the domain size. Set the default value!
WARNING: Distance between neighboring particles should be positive, greater than the radius of a particle, and less than the domain size. Set the default value!
WARNING: Original refraction should not be zero. Set the default value!
WARNING: Desired refraction should not be zero. Set the default value!
WARNING: Distribution of particles should be positive. Set the default value!
----------------------- SOLVING PARTICLE SCATTERING PROBLEM -----------------------

Speed of wave, v:					34400
Frequency, f:						1000
Wave number, k:						0.182651
Direction of plane wave, alpha:				(1, 0, 0)
Kappa:							0.5
Volume of the domain that contains all particles, |D|:	1
Original refraction coefficient, n0:			1+0i
Desired refraction coefficient, n:			-1+0.001i
Distribution of particles, N:				1
Boundary impedance, zeta:				4.21424e-06+0.00842849i
Radius of one particle, a:				3.968503e-07
Distance between two neighboring particles, d:		6.299605e-04
Number of particles, M:					4000000000 (4.000000e+09)
Number of sub cubes after partitioning the domain, P:	8000
Total collocation points for solving integral equation:	64000

Initializing done:	Mem used: 2.13647e+07 	Elapsed time:		0:0:0
Setting up FFT:		Mem used: 2.37896e+07 	Elapsed time:		0:0:1
Setting up RHS done:	Mem used: 2.52535e+08 	Elapsed time:		0:0:3

Computing:
Tolerance:	0.001
Method:		cg
Copy internal vector:	Mem used: 3.0183e+09 	Elapsed time:		0:0:9
Apply FFT:		Mem used: 3.02538e+09 	Elapsed time:		0:2:32
Pad Green cube:		Mem used: 4.88738e+09 	Elapsed time:		0:5:38
Multiply vectors:	Mem used: 4.88738e+09 	Elapsed time:		0:5:39
Apply iFFT:		Mem used: 3.03607e+09 	Elapsed time:		0:7:58
Copy internal vector:	Mem used: 6.28744e+09 	Elapsed time:		0:8:8
Assembly result:	Mem used: 3.03879e+09 	Elapsed time:		0:8:37

Solving the original linear system (FFT):
Norm of r=b-Ax:		0.441372
Relative error |r|/|b|:	6.97871e-06
Iterations:		1
Elapsed time:		0:8:42

Solving the reduced linear system:
Norm of r=b-Ax:		0.000119225
Relative error |r|/|b|:	1.33298e-06
Iterations:		1
Elapsed time:		0:8:42

Solving the integral equation:
Norm of r=b-Ax:		0.000338869
Relative error |r|/|b|:	1.3395e-06
Iterations:		1
Elapsed time:		0:8:47

Comparing solutions:
(Original system)   vs (Reduced system):	0.00449552
(Integral equation) vs (Original system):	0.00219397
(Integral equation) vs (Reduced system):	0.00456623
(Original system)   vs (Incident field):	2.07469e-06

Started on:		Mon Jun  2 21:27:17 2014
Finished on:		Mon Jun  2 21:36:30 2014
Elapsed time:		0:9:13
