[gcn-13-38.sdsc.edu:mpirun_rsh][signal_processor] Caught signal 15, killing job
[gcn-13-38.sdsc.edu:mpirun_rsh][signal_processor] Caught signal 15, killing job
[gcn-14-81.sdsc.edu:mpispawn_3][read_size] Unexpected End-Of-File on file descriptor 24. MPI process died?
[gcn-14-81.sdsc.edu:mpispawn_3][read_size] Unexpected End-Of-File on file descriptor 24. MPI process died?
[gcn-14-81.sdsc.edu:mpispawn_3][handle_mt_peer] Error while reading PMI socket. MPI process died?
[gcn-3-12.sdsc.edu:mpispawn_16][read_size] Unexpected End-Of-File on file descriptor 21. MPI process died?
[gcn-3-12.sdsc.edu:mpispawn_16][read_size] Unexpected End-Of-File on file descriptor 21. MPI process died?
[gcn-3-12.sdsc.edu:mpispawn_16][handle_mt_peer] Error while reading PMI socket. MPI process died?
[gcn-17-65.sdsc.edu:mpispawn_13][read_size] Unexpected End-Of-File on file descriptor 21. MPI process died?
[gcn-17-65.sdsc.edu:mpispawn_13][read_size] Unexpected End-Of-File on file descriptor 21. MPI process died?
[gcn-17-65.sdsc.edu:mpispawn_13][handle_mt_peer] Error while reading PMI socket. MPI process died?
[gcn-16-24.sdsc.edu:mpispawn_11][read_size] Unexpected End-Of-File on file descriptor 21. MPI process died?
[gcn-16-24.sdsc.edu:mpispawn_11][read_size] Unexpected End-Of-File on file descriptor 21. MPI process died?
[gcn-16-24.sdsc.edu:mpispawn_11][handle_mt_peer] Error while reading PMI socket. MPI process died?
[gcn-13-67.sdsc.edu:mpispawn_1][read_size] Unexpected End-Of-File on file descriptor 21. MPI process died?
[gcn-13-67.sdsc.edu:mpispawn_1][read_size] Unexpected End-Of-File on file descriptor 21. MPI process died?
[gcn-13-67.sdsc.edu:mpispawn_1][handle_mt_peer] Error while reading PMI socket. MPI process died?
[gcn-4-62.sdsc.edu:mpispawn_19][read_size] Unexpected End-Of-File on file descriptor 21. MPI process died?
[gcn-4-62.sdsc.edu:mpispawn_19][read_size] Unexpected End-Of-File on file descriptor 21. MPI process died?
[gcn-4-62.sdsc.edu:mpispawn_19][handle_mt_peer] Error while reading PMI socket. MPI process died?
[gcn-4-66.sdsc.edu:mpispawn_20][read_size] Unexpected End-Of-File on file descriptor 21. MPI process died?
[gcn-4-66.sdsc.edu:mpispawn_20][read_size] Unexpected End-Of-File on file descriptor 21. MPI process died?
[gcn-4-66.sdsc.edu:mpispawn_20][handle_mt_peer] Error while reading PMI socket. MPI process died?
[gcn-15-73.sdsc.edu:mpispawn_5][error_sighandler] Caught error: Segmentation fault (signal 11)
[gcn-5-12.sdsc.edu:mpispawn_23][read_size] Unexpected End-Of-File on file descriptor 21. MPI process died?
[gcn-5-12.sdsc.edu:mpispawn_23][read_size] Unexpected End-Of-File on file descriptor 21. MPI process died?
[gcn-5-12.sdsc.edu:mpispawn_23][handle_mt_peer] Error while reading PMI socket. MPI process died?
bash: line 1:  4774 Segmentation fault      /bin/env LD_LIBRARY_PATH=/opt/gnu/gmp/lib:/opt/gnu/mpc/lib:/opt/gnu/gcc/lib64:/opt/gnu/mpfr/lib:/opt/gnu/lib:/opt/gnu/lib64:/opt/mvapich2/intel/ib/lib:/opt/intel/composer_xe_2013.1.117/compiler/lib/intel64:/opt/intel/composer_xe_2013.1.117/ipp/../compiler/lib/intel64:/opt/intel/composer_xe_2013.1.117/ipp/lib/intel64:/opt/intel/composer_xe_2013.1.117/compiler/lib/intel64:/opt/intel/composer_xe_2013.1.117/mkl/lib/intel64:/opt/intel/composer_xe_2013.1.117/tbb/lib/intel64//cc4.1.0_libc2.4_kernel2.6.16.21:/opt/gridengine/lib/lx26-amd64:/opt/intel/composer_xe_2013.1.117/debugger/lib/intel64:/opt/intel/composer_xe_2013.1.117/mpirt/lib/intel64 MPISPAWN_MPIRUN_MPD=0 USE_LINEAR_SSH=1 MPISPAWN_MPIRUN_HOST=gcn-13-38.sdsc.edu MPISPAWN_MPIRUN_HOSTIP=198.202.102.55 MPIRUN_RSH_LAUNCH=1 MPISPAWN_CHECKIN_PORT=39688 MPISPAWN_MPIRUN_PORT=39688 MPISPAWN_NNODES=35 MPISPAWN_GLOBAL_NPROCS=560 MPISPAWN_MPIRUN_ID=92054 MPISPAWN_ARGC=9 MPDMAN_KVS_TEMPLATE=kvs_958_gcn-13-38.sdsc.edu_92054 MPISPAWN_LOCAL_NPROCS=16 MPISPAWN_ARGV_0='./scat' MPISPAWN_ARGV_1='-n' MPISPAWN_ARGV_2='10000000000' MPISPAWN_ARGV_3='-p' MPISPAWN_ARGV_4='8000' MPISPAWN_ARGV_5='-c' MPISPAWN_ARGV_6='27000' MPISPAWN_ARGV_7='-k' MPISPAWN_ARGV_8='0.5' MPISPAWN_ARGC=9 MPISPAWN_GENERIC_ENV_COUNT=0 MPISPAWN_ID=5 MPISPAWN_WORKING_DIR=/home/nhantran/work/ScatFFT64MemOp/Norm MPISPAWN_MPIRUN_RANK_0=80 MPISPAWN_MPIRUN_RANK_1=81 MPISPAWN_MPIRUN_RANK_2=82 MPISPAWN_MPIRUN_RANK_3=83 MPISPAWN_MPIRUN_RANK_4=84 MPISPAWN_MPIRUN_RANK_5=85 MPISPAWN_MPIRUN_RANK_6=86 MPISPAWN_MPIRUN_RANK_7=87 MPISPAWN_MPIRUN_RANK_8=88 MPISPAWN_MPIRUN_RANK_9=89 MPISPAWN_MPIRUN_RANK_10=90 MPISPAWN_MPIRUN_RANK_11=91 MPISPAWN_MPIRUN_RANK_12=92 MPISPAWN_MPIRUN_RANK_13=93 MPISPAWN_MPIRUN_RANK_14=94 MPISPAWN_MPIRUN_RANK_15=95 /opt/mvapich2/intel/ib/bin/mpispawn 0
[gcn-15-77.sdsc.edu:mpispawn_6][error_sighandler] Caught error: Segmentation fault (signal 11)
[gcn-6-23.sdsc.edu:mpispawn_28][read_size] Unexpected End-Of-File on file descriptor 21. MPI process died?
[gcn-6-23.sdsc.edu:mpispawn_28][read_size] Unexpected End-Of-File on file descriptor 21. MPI process died?
[gcn-6-23.sdsc.edu:mpispawn_28][handle_mt_peer] Error while reading PMI socket. MPI process died?
bash: line 1: 113053 Segmentation fault      /bin/env LD_LIBRARY_PATH=/opt/gnu/gmp/lib:/opt/gnu/mpc/lib:/opt/gnu/gcc/lib64:/opt/gnu/mpfr/lib:/opt/gnu/lib:/opt/gnu/lib64:/opt/mvapich2/intel/ib/lib:/opt/intel/composer_xe_2013.1.117/compiler/lib/intel64:/opt/intel/composer_xe_2013.1.117/ipp/../compiler/lib/intel64:/opt/intel/composer_xe_2013.1.117/ipp/lib/intel64:/opt/intel/composer_xe_2013.1.117/compiler/lib/intel64:/opt/intel/composer_xe_2013.1.117/mkl/lib/intel64:/opt/intel/composer_xe_2013.1.117/tbb/lib/intel64//cc4.1.0_libc2.4_kernel2.6.16.21:/opt/gridengine/lib/lx26-amd64:/opt/intel/composer_xe_2013.1.117/debugger/lib/intel64:/opt/intel/composer_xe_2013.1.117/mpirt/lib/intel64 MPISPAWN_MPIRUN_MPD=0 USE_LINEAR_SSH=1 MPISPAWN_MPIRUN_HOST=gcn-13-38.sdsc.edu MPISPAWN_MPIRUN_HOSTIP=198.202.102.55 MPIRUN_RSH_LAUNCH=1 MPISPAWN_CHECKIN_PORT=39688 MPISPAWN_MPIRUN_PORT=39688 MPISPAWN_NNODES=35 MPISPAWN_GLOBAL_NPROCS=560 MPISPAWN_MPIRUN_ID=92054 MPISPAWN_ARGC=9 MPDMAN_KVS_TEMPLATE=kvs_958_gcn-13-38.sdsc.edu_92054 MPISPAWN_LOCAL_NPROCS=16 MPISPAWN_ARGV_0='./scat' MPISPAWN_ARGV_1='-n' MPISPAWN_ARGV_2='10000000000' MPISPAWN_ARGV_3='-p' MPISPAWN_ARGV_4='8000' MPISPAWN_ARGV_5='-c' MPISPAWN_ARGV_6='27000' MPISPAWN_ARGV_7='-k' MPISPAWN_ARGV_8='0.5' MPISPAWN_ARGC=9 MPISPAWN_GENERIC_ENV_COUNT=0 MPISPAWN_ID=6 MPISPAWN_WORKING_DIR=/home/nhantran/work/ScatFFT64MemOp/Norm MPISPAWN_MPIRUN_RANK_0=96 MPISPAWN_MPIRUN_RANK_1=97 MPISPAWN_MPIRUN_RANK_2=98 MPISPAWN_MPIRUN_RANK_3=99 MPISPAWN_MPIRUN_RANK_4=100 MPISPAWN_MPIRUN_RANK_5=101 MPISPAWN_MPIRUN_RANK_6=102 MPISPAWN_MPIRUN_RANK_7=103 MPISPAWN_MPIRUN_RANK_8=104 MPISPAWN_MPIRUN_RANK_9=105 MPISPAWN_MPIRUN_RANK_10=106 MPISPAWN_MPIRUN_RANK_11=107 MPISPAWN_MPIRUN_RANK_12=108 MPISPAWN_MPIRUN_RANK_13=109 MPISPAWN_MPIRUN_RANK_14=110 MPISPAWN_MPIRUN_RANK_15=111 /opt/mvapich2/intel/ib/bin/mpispawn 0
[gcn-15-81.sdsc.edu:mpispawn_7][error_sighandler] Caught error: Segmentation fault (signal 11)
[gcn-6-71.sdsc.edu:mpispawn_31][read_size] Unexpected End-Of-File on file descriptor 21. MPI process died?
[gcn-6-71.sdsc.edu:mpispawn_31][read_size] Unexpected End-Of-File on file descriptor 21. MPI process died?
[gcn-6-71.sdsc.edu:mpispawn_31][handle_mt_peer] Error while reading PMI socket. MPI process died?
bash: line 1: 57348 Segmentation fault      /bin/env LD_LIBRARY_PATH=/opt/gnu/gmp/lib:/opt/gnu/mpc/lib:/opt/gnu/gcc/lib64:/opt/gnu/mpfr/lib:/opt/gnu/lib:/opt/gnu/lib64:/opt/mvapich2/intel/ib/lib:/opt/intel/composer_xe_2013.1.117/compiler/lib/intel64:/opt/intel/composer_xe_2013.1.117/ipp/../compiler/lib/intel64:/opt/intel/composer_xe_2013.1.117/ipp/lib/intel64:/opt/intel/composer_xe_2013.1.117/compiler/lib/intel64:/opt/intel/composer_xe_2013.1.117/mkl/lib/intel64:/opt/intel/composer_xe_2013.1.117/tbb/lib/intel64//cc4.1.0_libc2.4_kernel2.6.16.21:/opt/gridengine/lib/lx26-amd64:/opt/intel/composer_xe_2013.1.117/debugger/lib/intel64:/opt/intel/composer_xe_2013.1.117/mpirt/lib/intel64 MPISPAWN_MPIRUN_MPD=0 USE_LINEAR_SSH=1 MPISPAWN_MPIRUN_HOST=gcn-13-38.sdsc.edu MPISPAWN_MPIRUN_HOSTIP=198.202.102.55 MPIRUN_RSH_LAUNCH=1 MPISPAWN_CHECKIN_PORT=39688 MPISPAWN_MPIRUN_PORT=39688 MPISPAWN_NNODES=35 MPISPAWN_GLOBAL_NPROCS=560 MPISPAWN_MPIRUN_ID=92054 MPISPAWN_ARGC=9 MPDMAN_KVS_TEMPLATE=kvs_958_gcn-13-38.sdsc.edu_92054 MPISPAWN_LOCAL_NPROCS=16 MPISPAWN_ARGV_0='./scat' MPISPAWN_ARGV_1='-n' MPISPAWN_ARGV_2='10000000000' MPISPAWN_ARGV_3='-p' MPISPAWN_ARGV_4='8000' MPISPAWN_ARGV_5='-c' MPISPAWN_ARGV_6='27000' MPISPAWN_ARGV_7='-k' MPISPAWN_ARGV_8='0.5' MPISPAWN_ARGC=9 MPISPAWN_GENERIC_ENV_COUNT=0 MPISPAWN_ID=7 MPISPAWN_WORKING_DIR=/home/nhantran/work/ScatFFT64MemOp/Norm MPISPAWN_MPIRUN_RANK_0=112 MPISPAWN_MPIRUN_RANK_1=113 MPISPAWN_MPIRUN_RANK_2=114 MPISPAWN_MPIRUN_RANK_3=115 MPISPAWN_MPIRUN_RANK_4=116 MPISPAWN_MPIRUN_RANK_5=117 MPISPAWN_MPIRUN_RANK_6=118 MPISPAWN_MPIRUN_RANK_7=119 MPISPAWN_MPIRUN_RANK_8=120 MPISPAWN_MPIRUN_RANK_9=121 MPISPAWN_MPIRUN_RANK_10=122 MPISPAWN_MPIRUN_RANK_11=123 MPISPAWN_MPIRUN_RANK_12=124 MPISPAWN_MPIRUN_RANK_13=125 MPISPAWN_MPIRUN_RANK_14=126 MPISPAWN_MPIRUN_RANK_15=127 /opt/mvapich2/intel/ib/bin/mpispawn 0
[gcn-8-87.sdsc.edu:mpispawn_34][read_size] Unexpected End-Of-File on file descriptor 21. MPI process died?
[gcn-8-87.sdsc.edu:mpispawn_34][read_size] Unexpected End-Of-File on file descriptor 21. MPI process died?
[gcn-8-87.sdsc.edu:mpispawn_34][handle_mt_peer] Error while reading PMI socket. MPI process died?
