[609]PETSC ERROR: [613]PETSC ERROR: [611]PETSC ERROR: ------------------------------------------------------------------------
------------------------------------------------------------------------
[613]PETSC ERROR: [611]PETSC ERROR: Caught signal number 11 SEGV: Segmentation Violation, probably memory access out of range
Caught signal number 11 SEGV: Segmentation Violation, probably memory access out of range
[611]PETSC ERROR: [613]PETSC ERROR: Try option -start_in_debugger or -on_error_attach_debugger
Try option -start_in_debugger or -on_error_attach_debugger
[[417]PETSC ERROR: [425]PETSC ERROR: [419]PETSC ERROR: [421]PETSC ERROR: [423]PETSC ERROR: [427]PETSC ERROR: [429]PETSC ERROR: [431]PETSC ERROR: ------------------------------------------------------------------------
------------------------------------------------------------------------
-----------------------------------------------------------------[66]PETSC ERROR: [74]PETSC ERROR: ----------[gcn-4-64.sdsc.edu:mpispawn_32][child_handler] MPI process (rank: 524, pid: 34241) exited wCaught signal [gcn-4-64.sdsc.edu:mpispawn_32][child_handler] MPI process (rank: 523, pid: 34240) exited with status 59
[gcn-4-64.sdsc.edu:mpispawn_32][child_handler] MPI process (rank: 514, pid: 34231) exited with status 59
[gcn-4-64.sdsc.edu:mpispawn_32][child_handler] MPI process (rank: 513, pid: 34230) exited with status 59
[gcn-4-64.sdsc.edu:mpispawn_32][child_handler] MPI process (rank: 512, pid: 34229) exited w[gcn-5-44.sdsc.edu:mpispawn_35][child_handler] MPI process (rank: 563, pid: 52919) exited with status 59
[gcn-5-44.sdsc.edu:mpispawn_35][child_handler] MPI process (rank: 564, pid: 52920) exited with status 59
[gcn-5-44.sdsc.edu:mpispawn_35][child_handler] MPI process (rank: 565, pid: 52921) exited with status 59
[gcn-5-44.sdsc.edu:mpispawn_35][child_handler] MPI process (rank: 566, pid: 52922) exited with status 59
[gcn-5-44.sdsc.edu:mpispawn_35][child_handler] MPI process (rank: 562, pid: 52918) exited with status 59
[gcn-5-44.sdsc.edu:mpispawn_35][child_handler] MPI process (rank: 567, pid: 52923) exited with status 59
[gcn-5-44.sdsc.edu:mpispawn_35][child_handler] MPI process (rank: 568, pid: 52924) exited with status 59
[gcn-5-44.sdsc.edu:mpispawn_35][child_handler] MPI process (rank: 569, pid: 52925) exited with status 59
[gcn-5-44.sdsc.edu:mpispawn_35][child_handler] MPI process (rank: 570, pid: 52926) exited with status 59
[gcn-5-44.sdsc.edu:mpispawn_35][child_handler] MPI process (rank: 571, pid: 52927) exited with status 59
[gcn-5-44.sdsc.edu:mpispawn_35][child_handler] MPI process (rank: 574, pid: 52930) exited with status 59
[55]PETSC ERROR: [58]PETSC ERROR: or see http://www.mcs.anl.gov/petsc/documentation/faq.html#valgrindor see http://www.mcs.anl.gov/petsc/documentation/faq.html#valgrindor try http://valgrind.org on GNU/linux and Apple Mac OS X to find memory corruption errors
or try http://valgrind.org on GNU/linux and Apple Mac OS X to find memory corruption errors
or try http://valgrind.org on GNU/linux and Apple Mac OS X to find memory corruption errors
[55]PETSC ERROR: [51]PETSC ERROR: ------------------------------------------------------------------------
[63]PETSC ERROR: or try http://valgrind.org on GNU/linux and Apple Mac OS X to find memory corruption errors
configure using --with-debugging=yes, recompile, link, and run 
[58]PETSC ERROR: configure using --with-debugging=yes, recompile, link, and run 
[55]PETSC ERROR: [51]PETSC ERROR: [59]PETSC ERROR: [63]PETSC ERROR: configure using --with-debugging=yes, recompile, link, and run 
to get more information on the crash.
to get more information on the crash.
[55]PETSC ERROR: Caught signal number 11 SEGV: Segmentation Violation, probably memory access out of range
to get more information on the crash.
[59]PETSC ERROR: [51]PETSC ERROR: Try option -start_in_debugger or -on_error_attach_debugger
[55]PETSC ERROR: [59]PETSC ERROR: [63]PETSC ERROR: --------------------- Error Message ------------------------------------
--------------------- Error Message ------------------------------------
or see http://www.mcs.anl.gov/petsc/documentation/faq.html#valgrind--------------------- Error Message ------------------------------------
[51]PETSC ERROR: [55]PETSC ERROR: [63]PETSC ERROR: [59]PETSC ERROR: Signal received!
or try http://valgrind.org on GNU/linux and Apple Mac OS X to find memory corruption errors
Signal received!
[51]PETSC ERROR: Signal received!
[55]PETSC ERROR: [59]PETSC ERROR: ------------------------------------------------------------------------
--------------------------------------------------------------------------------------------------------------------------------------
------------------------------------------------------------------------
[423]PETSC ERROR: [425]PETSC ERROR: [421]PETSC ERROR: or see http://www.mcs.anl.gov/petsc/documentation/faq.html#valgrindSee docs/faq.html for hints about trouble shooting.
Petsc Release Version 3.4.3, Oct, 15, 2013 
Petsc Release Version 3.4.3, Oct, 15, 2013 
[423]PETSC ERROR: [425]PETSC ERROR: [429]PETSC ERROR: [421]PETSC ERROR: See docs/index.html for manual pages.
or try http://valgrind.org on GNU/linux and Apple Mac OS X to find memory corruption errors
[423]PETSC ERROR: See docs/changes/index.html for recent updates.
[429]PETSC ERROR: ------------------------------------------------------------------------
[425]PETSC ERROR: See docs/changes/index.html for recent updates.
configure using --with-debugging=yes, recompile, link, and run 
[423]PETSC ERROR: See docs/faq.html for hints about trouble shooting.
[421]PETSC ERROR: [425]PETSC ERROR: [429]PETSC ERROR: See docs/faq.html for hints about trouble shooting.
See docs/index.html for manual pages.
to get more information on the crash.
[425]PETSC ERROR: ---------------------------------------------------------------or see http://www.mcs.anl[103]PETSC ERROR: [106]PETSC ERROR: ------------------------------------------------------------------------
------------------------------------------------------------------------
Try option -start_in_debugger or -on_error_attach_debugger
[103]PETSC ERROR: [99]PETSC ERROR: [106]PETSC ERROR: Petsc Release Version 3.4.3, Oct, 15, 2013 
./scat on a arch-linux2-fftw named gcn-18-11.sdsc.edu by nhantran Sun Mar 30 07:41:33 2014
or see http://www.mcs.anl.gov/petsc/documentation/faq.html#valgrind[103]PETSC ERROR: [99]PETSC ERROR: [106]PETSC Petsc Release Version 3.4.3, Oct, 15, 2013 
--------------------- Error Message ------------------------------------
------------------------------------------------------------------------
[447]PETSC ERROR: [441]PETSC ERROR: to get more information on the crash.
[437]PETSC ERROR: [433]PETSC ERROR: See docs/changes/index.html for recent updates.
--------------------- Error Message ------------------------------------
Signal received!
[441]PETSC ERROR: ./scat on a arch-linux2-fftw named gcn-20-86.sdsc.edu by nhantran Sun Mar 30 07:41:33 2014
[447]PETSC ERROR: See docs/faq.html for hints about trouble shooting.
[433]PETSC ERROR: [437]PETSC ERROR: [441]PETSC ERROR: Signal received!
------------------------------------------------------------------------
See docs/index.html for manual pages.
[447]PETSC ERROR: [437]PETSC ERROR: Libraries linked from /home/nhantran/local/src/petsc-3.4.3/arch-linux2-fftw/lib
[441]PETSC ERROR: ------------------------------------------------------------------------
Petsc Release Version 3.4.3, Oct, 15, 2013 
[433]PETSC ERROR: ------------------------------------------------------------------------
[437]PETSC ERROR: Configure run at Sat Mar 22 19:43:57 2014
[441]PETSC ERROR: See docs/changes/index.html for recent updates.
[433]PETSC ERROR: [437]PETSC ERROR: ./scat on a arch-linux2-fftw named gcn-20-86.sdsc.edu by nhantran Sun Mar 30 07:41:33 2014
Configure options --with-scalar-type=complex --with-precision=single --with-debugging=no --download-f-blas-lapack --with-fortran-kernels=generic --with-64-bit-indices=1
See docs/faq.html for hints about trouble shooting.
[441]PETSC ERROR: [433]PETSC ERROR: [437]PETSC ERROR: ------------------------------------------------------------------------
See docs/index.html for manual pages.
Libraries linked from /home/nhantran/local/src/petsc-3.4.3/arch-linux2-fftw/lib
[433]PETSC ERROR: [437]PETSC ERROR: [441]PETSC ERROR: ------------------------------------------------------------------------
User provided function() line 0 in unknown directory unknown file
Configure run at Sat Mar 22 19:43:57 2014
[437]PETSC ERROR: [441]PETSC ERROR: ./scat on a arch-linux2-fftw named gcn-20-86.sdsc.edu by nhantran Sun Mar 30 07:41:33 2014
Configure options --with-scalar-type=complex --with-precision=single --with-debugging=no --download-f-blas-lapack --with-fortran-kernels=generic --with-64-bit-indices=1
[437]PETSC ERROR: [441]PETSC ERROR: ------------------------------------------------------------------------
Libraries linked from /home/nhantran/local/src/petsc-3.4.3/arch-linux2-fftw/lib
[441]PETSC ERROR: [437]PETSC ERROR: User provided function() line 0 in unknown directory unknown file
Configure run at Sat Mar 22 19:43:57 2014
[437]PETSC ERROR: Configure options --with-scalar-type=complex --with-precision=single --with-debugging=no --download-f-blas-lapack --with-fortran-kernels=generic --with-64-bit-indices=1
[437]PETSC ERROR: ------------------------------------------------------------------------
[437]PETSC ERROR: [cli_433]: User provided function() line 0 in unknown directory unknown file
aborting job:
application called MPI_Abort(MPI_COMM_WORLD, 59) - process 433
[cli_437]: [cli_441]: aborting job:
application called MPI_Abort(MPI_COMM_WORLD, 59) - process 437
aborting job:
application called MPI_Abort(MPI_COMM_WORLD, 59) - process 441
[438]PETSC ERROR: [434]PETSC ERROR: [442]PETSC ERROR: [446]PETSC ERROR: ------------------------------------------------------------------------
------------------------------------------------------------------------
[438]PETSC ERROR: [434]PETSC ERROR: ------------------------------------------------------------------------
------------------------------------------------------------------------
[442]PETSC ERROR: Caught signal number 11 SEGV: Segmentation Violation, probably memory access out of range
Caught signal number 11 SEGV: Segmentation Violation, probably memory access out of range
[446]PETSC ERROR: [438]PETSC ERROR: Caught signal number 11 SEGV: Segmentation Violation, probably memory access out of range
[434[gcn-19-55.sdsc.edu:mpispawn_16][child_handler] MPI process (rank: 266, pid: 122386) exited with status 59
[gcn-19-55.sdsc.edu:mpispawn_16][child_handler] MPI process (rank: 257, pid: 122377) exited with status 59
[gcn-19-55.sdsc.edu:mpispawn_16][child_handler] MPI process (rank: 267, pid: 122387) exited with status 59
[gcn-19-55.sdsc.edu:mpispawn_16][child_handler] MPI process (rank: 268, pid: 122388) exited with status 59
[gcn-19-55.sdsc.edu:mpispawn_16][child_handler] MPI process (rank: 269, pid: 122389) exited with status 59
h_debugger
[442]PETSC ERROR: [434]PETSC ERROR: [438]PETSC ERROR: or see http://www.mcs.anl.gov/petsc/documentation/faq.html#valgrind[446]PETSC ERROR: or try http://valgrind.org on GNU/linux and Apple Mac OS X to find memory corruption errors
or try http://valgrind.org on GNU/linux and Apple Mac OS X to find memory corruption errors
or see http://www.mcs.anl.gov/petsc/documentation/faq.html#valgrind[442]PETSC ERROR: [438]PETSC ERROR: [434]PETSC ERROR: [446]PETSC ERROR: or try http://valgrind.org on GNU/linux and Apple Mac OS X to find memory corruption errors
configure using --with-debugging=yes, recompile, link, and run 
configure using --with-debugging=yes, recompile, link, and run 
[442]PETSC ERROR: [438]PETSC ERROR: [434]PETSC ERROR: or try http://valgrind.org on GNU/linux and Apple Mac OS X to find memory corruption errors
to get more information on the crash.
to get more information on the crash.
[446]PETSC ERROR: [439]PETSC ERROR: configure using --with-debugging=yes, recompile, link, and run 
[446]PETSC ERROR: [434]PETSC ERROR: [438]PETSC ERROR: to get more information on the crash.
--------------------- Error Message ------------------------------------
--------------------- Error Message ------------------------------------
[434]PETSC E--------------------- Error Message ------------------------------------
[cli_543]: [cli_537]: [cli_539]: [541]PETSC ERROR: aborting job:
application called MPI_Abort(MPI_COMM_WORLD, 59) - process 537
aborting job:
application called MPI_Abort(MPI_COMM_WORLD, 59) - process 543
aborting job:
application called MPI_Abort(MPI_COMM_WORLD, 59) - process 539
Signal received!
[541]PETSC ERROR: ------------------------------------------------------------------------
[541]PETSC ERROR: Petsc Release Version 3.4.3, Oct, 15, 2013 
[541]PETSC ERROR: See docs/changes/index.html for recent updates.
[541]PETSC ERROR: See docs/faq.html for hints about trouble shooting.
[541]PETSC ERROR: See docs/index.html for manual pages.
[541]PETSC ERROR: -------[294]PETSC ERROR: [302]PETSC ERROR: [303]PETSC ERROR: See docs/changes/index.html for recent updates.
configure using --with-debugging=yes, recompile, link, and run 
See docs/index.html for manual pages.
--------------------- Error Message ------------------------------------
[303]PETSC ERROR: [302]PETSC ERROR: [291]PETSC ERROR: [294]PETSC ERROR: to get more information on the crash.
------------------------------------------------------------------------
See docs/faq.html for hints about trouble shooting.
[290]PETSC ERROR: [303]PETSC ERROR: Signal received!
[291]PETSC ERROR: [302]PETSC ERROR: or see http://www.mcs.anl.gov/petsc/documentation/faq.html#valgrind./scat on a arch-linux2-fftw named gcn-19-65.sdsc.edu by nhantran Sun Mar 30 07:41:33 2014
--------------------- Error Message ------------------------------------
See docs/index.html for manual pages.
[303]PETSC ERROR: [290]PETSC ERROR: [291]PETSC ERROR: [302]PETSC ERROR: Libraries linked from /home/nhantran/local/src/petsc-3.4.3/arch-linux2-fftw/lib
or try http://valgrind.org on GNU/linux and Apple Mac OS X to find memory corruption errors
------------------------------------------------------------------------
[303]PETSC ERROR: Signal received!
[291]PETSC ERROR: Configure run at Sat Mar 22 19:43:57 2014
[302]PETSC ERROR: [290]PETSC ERROR: ------------------------------------------------------------------------
[303]PETSC ERROR: ./scat on a arch-linux2-fftw named gcn-19-65.sdsc.edu by nhantran Sun Mar 30 07:41:33 2014
configure using --with-debugging=yes, recompile, link, and run 
[302]PETSC ERROR: Configure options --with-scalar-type=complex --with-precision=single --with-debugging=no --download-f-blas-lapack --with-fortran-kernels=generic --with-64-bit-indices=1
[291]PETSC ERROR: Petsc Release Version 3.4.3, Oct, 15, 2013 
[290]PETSC ERROR: [303]PETSC ERROR: [302]PETSC ERROR: Libraries linked from /home/nhantran/local/src/petsc-3.4.3/arch-linux2-fftw/lib
to get more information on the crash.
------------------------------------------------------------------------
[291]PETSC ERROR: [300]PETSC ERROR: [303]PETSC ERROR: See docs/changes/index.html for recent updates.
[290]PETSC ERROR: [288]PETSC ERROR: [302]PETSC ERROR: --------------------- Error Message ------------------------------------
------------------------------------------------------------------------
------------------------------------------------------------------------
See docs/faq.html for hints about trouble shooting.
[300]PETSC ERROR: [302]PETSC ERROR: [288]PETSC ERROR: See docs/index.html for manual pages.
Caught signal number 11 SEGV: Segmentation Violation, probably memory access out of range
[302]PETSC ERROR: ------------------------------------------------------------------------
[302]PETSC ERROR: Caught signal number 11 SEGV: Segmentation Violation, probably memory access out of range
[300]PETSC ERROR: ./scat on a arch-linux2-fftw named gcn-19-65.sdsc.edu by nhantran Sun Mar 30 07:41:33 2014
[288]PETSC ERROR: [302]PETSC ERROR: Try option -start_in_debugger or -on_error_attach_debugger
[300]PETSC ERROR: Libraries linked from /home/nhantran/local/src/petsc-3.4.3/arch-linux2-fftw/lib
or see http://www.mcs.anl.gov/petsc/documentation/faq.html#valgrindTry option -start_in_debugger or -on_error_attach_debugger
[302]PETSC ERROR: [300]PETSC ERROR: [288]PETSC ERROR: Configure run at Sat Mar 22 19:43:57 2014
or try http://valgrind.org on GNU/linux and Apple Mac OS X to find memory corruption errors
or see http://www.mcs.anl.gov/petsc/documentation/faq.html#valgrind[297]PETSC ERROR: [300]PETSC ERROR: [302]PETSC ERROR: [288]PETSC ERROR: [298]PETSC ERROR: configure using --with-debugging[444]PETSC ERROR: [435]PETSC ERROR: See docs/changes/index.html for recent updates.
configure using --with-debugging=yes, recompile, link, and run 
See docs/faq.html for hints about trouble shooting.
[443]PETSC ERROR: [444]PETSC ERROR: [435]PETSC ERROR: [cli_434]: See docs/faq.html for hints about trouble shooting.
to get more information on the crash.
See docs/index.html for manual pages.
[443]PETSC ERROR: aborting job:
application called MPI_Abort(MPI_COMM_WORLD, 59) - process 434
[435]PETSC ERROR: See docs/index.html for manual pages.
------------------------------------------------------------------------
[443]PETSC ERROR: [435]PETSC ERROR: [444]PETSC ERROR: ------------------------------------------------------------------------
./scat on a arch-linux2-fftw named gcn-20-86.sdsc.edu by nhantran Sun Mar 30 07:41:33 2014
--------------------- Error Message ------------------------------------
[443]PETSC ERROR: [435]PETSC ERROR: [444]PETSC ERROR: ./scat on a arch-linux2-fftw named gcn-20-86.sdsc.edu by nhantran Sun Mar 30 07:41:33 2014
Libraries linked from /home/nhantran/local/src/petsc-3.4.3/arch-linux2-fftw/lib
[443]PETSC ERROR: configure using --with-debugging=yes, recompile, link, and run 
Signal received!
[435]PETSC ERROR: Libraries linked from /home/nhantran/local/src/petsc-3.4.3/arch-linux2-fftw/lib
See doc[232]PETSC ERROR: [224]PETSC ERROR: ------------------------------------------------------------------------
Caught signal number 11 SEGV: Segmentation Violation, probably memory access out of range
[225]PETSC ERROR: [233]PETSC ERROR: Caught signal number 11 SEGV: Segmentation Violation, probably memory access out of range
Try option -start_in_debugger or -on_error_attach_debugger
[232]PETSC ERROR: ------------------------------------------------------------------------
[233]PETSC ERROR: Try option -start_in_debugger or -on_error_attach_debugger
[224]PETSC ERROR: Caught signal number 11 SEGV: Segmentation Violation, probably memory access out of range
or see http://www.mcs.anl.gov/petsc/documentation/faq.html#valgrind[232]PETSC ERROR: [225]PETSC ERROR: [233]PETSC ERROR: or see http://www.mcs.anl.gov/petsc/documentation/faq.html#valgrindCaught signal number 11 SEGV: Segmentation Violation, probably memory access out of range
Try option -start_in_debugger or -on_error_attach_debugger
[232]PETSC ERROR: [224]PETSC ERROR: [225]PETSC ERROR: or try http://valgrind.org on GNU/linux and Apple Mac OS X to find memory corruption errors
or try http://valgrind.org on GNU/linux and Apple Mac OS X to find memory corruption errors
Try option -start_in_debugger or -on_error_attach_debugger
or see http://www.mcs.anl.gov/petsc/documentation/faq.html#valgrind[232]PETSC ERROR: [233]PETSC ERROR: [224]PETSC ERROR: configure using --with-debugging=yes, recompile, link, and run 
[225]PETSC ERROR: or see http://www.mcs.anl.gov/petsc/documentation/faq.html#valgrind[238]PETSC ERROR: [224]PETSC ERROR: or try http://valgrind.org on GNU/linux and Apple Mac OS X to find memory corruption errors
[232]PETSC ERROR: configure using --with-debugging=yes, recompile, link, and run 
[225]PETSC ERROR: or try http://valgrind.org on GNU/linux and Apple Mac OS X to find memory corruption errors
or see http://www.mcs.anl.gov/petsc/documentation/faq.html#valgrindto get more information on the crash.
[233]PETSC ERROR: configure using --with-debugging=yes, recompile, link, and run 
[224]PETSC ERROR: to get more information on the crash.
[232]PETSC ERROR: [238]PETSC ERROR: configure using --with-debugging=yes, recompile, link, and run 
[233]PETSC ERROR: [225]PETSC ERROR: or try http://valgrind.org on GNU/linux and Apple Mac OS X to find memory corruption errors
[224]PETSC ERROR: to get more information on the crash.
--------------------- Error Message ------------------------------------
--------------------- Error Message ------------------------------------
[238]PETSC ERROR: to get more information on the crash.
[232]PETSC ERROR: configure using --with-debugging=yes, recompile, link, and run 
[225]PETSC ERROR: [238]PETSC ERROR: Signal received!
[233]PETSC ERROR: [224]PETSC ERROR: --------------------- Error Message ------------------------------------
[232]PETSC ERROR: to get more information on the crash.
Signal received!
--------------------- Error Message ------------------------------------
------------------------------------------------------------------------
[233]PETSC ERROR: [225]PETSC ERROR: [232]PETSC ERROR: [224]PETSC ERROR: Signal received!
Petsc Release Version 3.4.3, Oct, 15, 2013 
------------------------------------------------------------------------
Signal received!
[232]PETSC ERROR: [233]PETSC ERROR: [224]PETSC ERROR: Petsc Release Version 3.4.3, Oct, 15, 2013 
------------------------------------------------------------------------
See docs/changes/index.html for recent updates.
[233]PETSC ERROR: [232]PETSC ERROR: or try http://valgrind.org on GNU/linux and Apple Mac OS X to find memory corruption errors
See docs/changes/index.html for recent updates.
See docs/faq.html for hints about trouble shooting.
[224]PETSC ERROR: [233]PETSC ERROR: [232]PETSC ERROR: Petsc Release Version 3.4.3, Oct, 15, 2013 
[231]PETSC ERROR: See docs/index.html for manual pages.
[224]PETSC ERROR: See docs/faq.html for hints about trouble shooting.
[232]PETSC ERROR: configure using --with-debugging=yes, recompile, link, and run 
[233]PETSC ERROR: ------------------------------------------------------------------------
See docs/index.html for manual pages.
See docs/changes/index.html for recent updates.
[231]PETSC ERROR: [227]PETSC ERROR: [224]PETSC ERROR: [232]PETSC ERROR: to get more information on the crash.
See docs/faq.html for hints about trouble shooting.
./scat on a arch-linux2-fftw named gcn-19-18.sdsc.edu by nhantran Sun Mar 30 07:41:33 2014
[224]PETSC ERROR: Libraries linked from /home/nhantran/local/src/petsc-3.4.3/arch-linux2-fftw/lib
[232]PETSC ERROR: See docs/index.html for manual pages.
[231]PETSC ERROR: [227]PETSC ERROR: Libraries linked from /home/nhantran/local/src/petsc-3.4.3/arch-linux2-fftw/lib
[224]PETSC ERROR: --------------------- Error Message ------------------------------------
Configure run at Sat Mar 22 19:43:57 2014
[232]PETSC ERROR: ------------------------------------------------------------------------
[227]PETSC ERROR: [231]PETSC ERROR: Configure run at Sat Mar 22 19:43:57 2014
[224]PETSC ERROR: Configure options --with-scalar-type=complex --with-precision=single --with-debugging=no --download-f-blas-lapack --with-fortran-kernels=generic --with-64-bit-indices=1
[232]PETSC ERROR: [227]PETSC ERROR: ./scat on a arch-linux2-fftw named gcn-19-18.sdsc.edu by nhantran Sun Mar 30 07:41:33 2014
Signal received!
Configure options --with-scalar-type=complex --with-precision=single --with-debugging=no --download-f-blas-lapack --with-fortran-kernels=generic --with-64-bit-indices=1
------------------------------------------------------------------------
[224]PETSC ERROR: [231]PETSC ERROR: [232]PETSC ERROR: ------------------------------------------------------------------------
[227]PETSC ERROR: Libraries linked from /home/nhan[31]PETSC ERROR: [24]PETSC ERROR: [21]PETSC ERROR: Configure run at Sat Mar 22 19:43:57 2014
Libraries linked from /home/nhantran/local/src/petsc-3.4.3/arch-linux2-fftw/lib
[20]PETSC ERROR: [22]PETSC ERROR: [17]PETSC ERROR: [31]PETSC ERROR: [16]PETSC ERROR: [24]PETSC ERROR: Petsc Release Version 3.4.3, Oct, 15, 2013 
Configure options --with-scalar-type=complex --with-precision=single --with-debugging=no --download-f-blas-lapack --with-fortran-kernels=generic --with-64-bit-indices=1
Configure run at Sat Mar 22 ----------------configure using[278]PETSC ERROR: [281]PETSC ERROR: configure using --with-debugging=yes, recompile, link, and run 
Configure options --with-scalar-type=complex --with-precision=single --with-debugging=no --download-f-blas-lapack --with-fortran-kernels=generic --with-64-bit-indices=1
[278]PETSC ERROR: [281]PETSC ERROR: ------------------------------------------------------------------------
to get more information on the crash.
[281]PETSC ERROR: User provided function() line 0 in unknown directory unknown file
[278]PETSC ERROR: --------------------- Error Message ------------------------------------
[278]PETSC ERROR: Signal received!
[278]PETSC ERROR: ------------------------------------------------------------------------
[278]PETSC ERROR: Petsc Release Version 3.4.3, Oct, 15, 2013 
[cli_281]: [278]PETSC ERROR: See docs/changes/index.html for recent updates.
[278]PETSC ERROR: aborting job:
application called MPI_Abort(MPI_COMM_WORLD, 59) - process 281
See docs/faq.html for hints about trouble shooting.
[278]PETSC ERROR: See docs/index.html for manual pages.
[278]PETSC [439]PETSC ERROR: [440]PETSC ERROR: Try option -start_in_debugger or -on_error_attach_debugger
[440]PETSC ERROR: or see http://www.mcs.anl.gov/petsc/documentation/faq.html#valgrind[440]PETSC ERROR: or try http://valgrind.org on GNU/linux and Apple Mac OS X to find memory corruption errors
[440]PETSC ERROR: configure using --with-debugging=yes, recompile, link, and run 
[440]PETSC ERROR: to get more information on the crash.
[440]PETSC ERROR: --------------------- Error Message ------------------------------------
Petsc Release Version 3.4.3, Oct, 15, 2013 
[440]PETSC ERROR: Signal received!
[440]PETSC ERROR: ------------------------------------------------------------------------
[447]PETSC ERROR: [440]PETSC ERROR: Petsc Release Version 3.4.3, Oct, 15, 2013 
[440]PETSC ERROR: See docs/changes/index.html for recent updates.
See docs/changes/index.html for recent updates.
[447]PETSC ERROR: to get more information on the crash.
[440]PETSC ERROR: See docs/faq.html for hints about trouble shooting.
See docs/faq.html for hints about trouble shooting.
[447]PETSC ERROR: [440]PETSC ERROR: See docs/index.html for manual pages.
See docs/index.html for manual pages.
[447]PETSC ERROR: [440]PETSC ERROR: ------------------------------------------------------------------------
------------------------------------------------------------------------
[447]PETSC ERROR: [440]PETSC ERROR: ./scat on a arch-linux2-fftw named gcn-20-86.sdsc.edu by nhantran Sun Mar 30 07:41:33 2014
./scat on a arch-linux2-fftw named gcn-20-86.sdsc.edu by nhantran Sun Mar 30 07:41:33 2014
[447]PETSC ERROR: [440]PETSC ERROR: [442]PETSC ERROR: Libraries linked from /home/nhantran/local/src/petsc-3.4.3/arch-linux2-fftw/lib
--------------------- Error Message ------------------------------------
Libraries linked from /home/nhantran/local/src/petsc-3.4.3/arch-linux2-fftw/lib
[447]PETSC ERROR: [440]PETSC ERROR: [442]PETSC ERROR: Configure run at Sat Mar 22 19:43:57 2014
Configure run at Sat Mar 22 19:43:57 2014
[447]PETSC ERROR: [440]PETSC ERROR: Signal received!
Configure options --with-scalar-type=complex --with-precision=single --with-debugging=no --download-f-blas-lapack --with-fortran-kernels=generic --with-64-bit-indices=1
[444]PETSC ERROR: Configure options --with-scalar-type=complex --with-precision=single --with-debugging=no --download-f-blas-lapack --with-fortran-kernels=generic --with-64-bit-indices=1
[442]PETSC ERROR: [447]PETSC ERROR: [440]PETSC ERROR: ------------------------------------------------------------------------
------------------------------------------------------------------------
------------------------------------------------------------------------
[442]PETSC ERROR: [447]PETSC ERROR: [440]PETSC ERROR: Petsc Release Version 3.4.3, Oct, 15, 2013 
User provided function() line 0 in unknown directory unknown file
[442]PETSC ERROR: User provided function() line 0 in unknown directory unknown file
See docs/changes/index.html for recent updates.
See docs/changes/index.html for recent updates.
[444]PETSC ERROR: [442]PETSC ERROR: See docs/faq.html for hints about trouble shooting.
See docs/faq.html for hints about trouble shooting.
[444]PETSC ERROR: [442]PETSC ERROR: See docs/index.html for manual pages.
See docs/index.html for manual pages.
[444]PETSC ERROR: [442]PETSC ERROR: ------------------------------------------------------------------------
------------------------------------------------------------------------
[cli_447]: [cli_440]: [442]PETSC ERROR: [444]PETSC ERROR: ./scat on a arch-linux2-fftw named gcn-20-86.sdsc.edu by nhantran Sun Mar 30 07:41:33 2014
./scat on a arch-linux2-fftw named gcn-20-86.sdsc.edu by nhantran Sun Mar 30 07:41:33 2014
aborting job:
application called MPI_Abort(MPI_COMM_WORLD, 59) - process 447
aborting job:
application called MPI_Abort(MPI_COMM_WORLD, 59) - process 440
[444]PETSC ERROR: [442]PETSC ERROR: Libraries linked from /home/nhantran/local/src/petsc-3.4.3/arch-linux2-fftw/lib
Libraries linked from /home/nhantran/local/src/petsc-3.4.3/arch-linux2-fftw/lib
[444]PETSC ERROR: [442]PETSC ERROR: Configure run at Sat Mar 22 19:43:57 2014
Configure run at Sat Mar 22 19:43:57 2014
[444]PETSC ERROR: [442]PETSC ERROR: Configure options --with-scalar-type=complex --with-precision=single --with-debugging=no --download-f-blas-lapack --with-fortran-kernels=generic --with-64-bit-indices=1
Configure options --with-scalar-type=complex --with-precision=single --with-debugging=no --download-f-blas-lapack --with-fortran-kernels=generic --with-64-bit-indices=1
[444]PETSC ERROR: [442]PETSC ERROR: ------------------------------------------------------------------------
------------------------------------------------------------------------
[444]PETSC ERROR: [442]PETSC ERROR: User provided function() line 0 in unknown directory unknown file
User provided function() line 0 in unknown directory unknown file
[cli_444]: [cli_442]: aborting job:
application called MPI_Abort(MPI_COMM_WORLD, 59) - process 444
aborting job:
application called MPI_Abort(MPI_COMM_WORLD, 59) - process 442
-----------------------------------------------------------------[cli_105]: aborting job:
application called MPI_Abort(MPI_COMM_WORLD, 59) - process 105
[gcn-18-11.sdsc.edu:mpispawn_6][readline] Unexpected End-Of-File on file descriptor 17. MPI process died?
[gcn-18-11.sdsc.edu:mpispawn_6][mtpmi_processops] Error while reading PMI socket. MPI process died?
[gcn-18-11.sdsc.edu:mpispawn_6][child_handler] MPI process (rank: 103, pid: 18960) exited with status 59
[gcn-18-11.sdsc.edu:mpispawn_6][child_handler] MPI process (rank: 105, pid: 18962) exited with status 59
[gcn-18-11.sdsc.edu:mpispawn_6][child_handler] MPI process (rank: 106, pid: 18963) exited with status 59
[gcn-18-11.sdsc.edu:mpispawn_6][child_handler] MPI process (rank: 98, pid: 18955) exited with status 59
[gcn-18-11.sdsc.edu:mpispawn_6][child_handler] MPI process (rank: 96, pid: 18953) exited with status 59
[gcn-18-11.sdsc.edu:mpispawn_6][child_handler] MPI process (rank: 97, pid: 18954) exited with status 59
[gcn-18-11.sdsc.edu:mpispawn_6][child_handler] MPI process (rank: 99, pid: 18956) exited with status 59
[gcn-18-11.sdsc.edu:mpispawn_6][child_handler] MPI process (rank: 100, pid: 18957) exited with status 59
[gcn-18-11.sdsc.edu:mpispawn_6][child_handler] MPI process (rank: 102, pid: 18959) exited with status 59
[gcn-18-11.sdsc.edu:mpispawn_6][child_handler] MPI process (rank: 104, pid: 18961) exited with status 59
[gcn-18-11.sdsc.edu:mpispawn_6][child_handler] MPI process (rank: 107, pid: 18964) exited with status 59
[gcn-18-11.sdsc.edu:mpispawn_6][child_handler] MPI process (rank: 108, pid: 18965) exited with status 59
[gcn-18-11.sdsc.edu:mpispawn_6][child_handler] MPI process (rank: 101, pid: 18958) exited with status 59
[gcn-18-11.sdsc.edu:mpispawn_6][child_handler] MPI process (rank: 109, pid: 18966) exited with status 59
[gcn-[gcn-19-56.sdsc.edu:mpispawn_17][child_handler] MPI process (rank: 284, pid: 22941) exited with status 59
[gcn-19-56.sdsc.edu:mpispawn_17][child_handler] MPI process (rank: 285, pid: 22942) exited with status 59
[gcn-19-56.sdsc.edu:mpispawn_17][child_handler] MPI process (rank: 286, pid: 22943) exited with status 59
[gcn-18-18.sdsc.edu:mpispawn_8][report_error] connect() failed: Connection refused (111)
[gcn-18-17.sdsc.edu:mpispawn_7][report_error] connect() failed: Connection refused (111)
[gcn-19-55.sdsc.edu:mpispawn_16][report_error] connect() failed: Connection refused (111)
[gcn-19-18.sdsc.edu:mpispawn_14][report_error] connect() failed: Connection refused (111)
[gcn-18-23.sdsc.edu:mpispawn_9][report_error] connect() failed: Connection refused (111)
[gcn-8-68.sdsc.edu:mpispawn_39][read_size] Unexpected End-Of-File on file descriptor 21. MPI process died?
[gcn-8-68.sdsc.edu:mpispawn_39][read_size] Unexpected End-Of-File on file descriptor 21. MPI process died?
[gcn-8-68.sdsc.edu:mpispawn_39][handle_mt_peer] Error while reading PMI socket. MPI process died?
[gcn-4-81.sdsc.edu:mpispawn_33][report_error] connect() failed: Connection refused (111)
[gcn-8-68.sdsc.edu:mpispawn_39][report_error] connect() failed: Connection refused (111)
[gcn-19-27.sdsc.edu:mpispawn_15][report_error] connect() failed: Connection refused (111)
[gcn-20-68.sdsc.edu:mpispawn_22][report_error] connect() failed: Connection refused (111)
[gcn-19-65.sdsc.edu:mpispawn_18][report_error] connect() failed: Connection refused (111)
ETSC ERROR: [80]PETSC ERROR: ./scat on a arch-linux2-fftw named gcn-15-62.sdsc.edu by nhantran Sun Mar 30 07:41:33 2014
./scat on a arch-linux2-fftw named gcn-15-62.sdsc.edu by nhantran Sun Mar 30 07:41:33 2014
[89]PETSC ERROR: [80]PETSC ERROR: Libraries linked from /home/nhantran/local/src/petsc-3.4.3/arch-linux2-fftw/lib
Libraries linked from /home/nhantran/local/src/petsc-3.4.3/arch-linux2-fftw/lib
[89]PETSC ERROR: [80]PETSC ERROR: Configure run at Sat Mar 22 19:43:57 2014
Configure run at Sat Mar 22 19:43:57 2014
[89]PETSC ERROR: [80]PETSC ERROR: Configure options --with-scalar-type=complex --with-precision=single --with-debugging=no --download-f-blas-lapack --with-fortran-kernels=generic --with-64-bit-indices=1
Configure options --with-scalar-type=complex --with-precision=single --with-debugging=no --download-f-blas-lapack --with-fortran-kernels=generic --with-64-bit-indices=1
[89]PETSC ERROR: [80]PETSC ERROR: ------------------------------------------------------------------------
------------------------------------------------------------------------
[89]PETSC ERROR: [80]PETSC ERROR: User provided function() line 0 in unknown directory unknown file
User provided function() line 0 in unknown directory unknown file
[cli_80]: [cli_89]: aborting job:
application called MPI_Abort(MPI_COMM_WORLD, 59) - process 80
aborting job:
application called MPI_Abort(MPI_COMM_WORLD, 59) - process 89
[87]PETSC ERROR: ------------------------------------------------------------------------
------------------------------------------------------------------------
Caught signal number 11 SEGV: Segmentation Violation, probably memory access out of range
[91]PETSC ERROR: [95]PETSC ERROR: [87]PETSC ERROR: Try option -start_in_debugger or -on_error_attach_debugger
Caught signal number 11 SEGV: Segmentation Violation, probably memory access out of range
[87]PETSC ERROR: Caught signal number 11 SEGV: Segmentation Violation, probably memory access out of range
[91]PETSC ERROR: or see http://www.mcs.anl.gov/petsc/documentation/faq.html#valgrind[95]PETSC ERROR: Try option -start_in_debugger or -on_error_attach_debugger
[87]PETSC ERROR: Try option -start_in_debugger or -on_error_attach_debugger
[91]PETSC ERROR: or try http://valgrind.org on GNU/linux and Apple Mac OS X to find memory corruption errors
[95]PETSC ERROR: or see http://www.mcs.anl.gov/petsc/documentation/faq.html#valgrind[87]PETSC ERROR: or see http://www.mcs.anl.gov/petsc/documentation/faq.html#valgrind[91]PETSC ERROR: or try http://valgrind.org on GNU/linux and Apple Mac OS X to find memory corruption errors
configure using --with-debugging=yes, recompile, link, and run 
[91]PETSC ERROR: [87]PETSC ERROR: configure using --with-debugging=yes, recompile, link, and run 
to get more information on the crash.
[91]PETSC ERROR: to get more information on the crash.
[87]PETSC ERROR: --------------------- Error Message ------------------------------------
[87]PETSC ERROR: [91]PETSC ERROR: --------------------- Error Message ------------------------------------
Signal received!
[91]PETSC ERROR: Signal received!
[87]PETSC ERROR: ------------------------------------------------------------------------
[87]PETSC ERROR: Petsc Release Version 3.4.3, Oct, 15, 2013 
[91]PETSC ERROR: [87]PETSC ERROR: [85]PETSC ERROR: ------------------------------------------------------------------------
See docs/changes/index.html for recent updates.
[91]PETSC ERROR: [87]PETSC ERROR: [84]PETSC ERROR: Petsc Release Version 3.4.3, Oct, 15, 2013 
See docs/faq.html for hints about trouble shooting.
[91]PETSC ERROR: [87]PETSC ERROR: ./scat on a arch-linux2-fftw named gcn-15-62.sdsc.edu by nhantran Sun Mar 30 07:41:33 2014
See docs/index.html for manual pages.
See docs/changes/index.html for recent updates.
[84]PETSC ERROR: ------------------------------------------------------------------------
[87]PETSC ERROR: [91]PETSC ERROR: Libraries linked from /home/nhantran/local/src/petsc-3.4.3/arch-linux2-fftw/lib
[85]PETSC ERROR: See docs/faq.html for hints about trouble shooting.
[84]PETSC ERROR: [91]PETSC ERROR: Configure run at Sat Mar 22 19:43:57 2014
Caught signal number 11 SEGV: Segmentation Violation, probably memory access out of range
See docs/index.html for manual pages.
[84]PETSC ERROR: [85]PETSC ERROR: [91]PETSC ERROR: Configure options --with-scalar-type=complex --with-precision=single --with-debugging=no --download-f-blas-lapack --with-fortran-kernels=generic --with-64-bit-indices=1
Try option -start_in_debugger or -on_error_attach_debugger
------------------------------------------------------------------------
[84]PETSC ERROR: [85]PETSC ERROR: [91]PETSC ERROR: or see http://www.mcs.anl.gov/petsc/documentation/faq.html#valgrind./scat on a arch-linux2-fftw named gcn-15-62.sdsc.edu by nhantran Sun Mar 30 07:41:33 2014
[85]PETSC ERROR: [91]PETSC ERROR: ------------------------------------------------------------------------
[84]PETSC ERROR: Libraries linked from /home/nhantran/local/src/petsc-3.4.3/arch-linux2-fftw/lib
or try http://valgrind.org on GNU/linux and Apple Mac OS X to find memory corruption errors
User provided function() line 0 in unknown directory unknown file
[91]PETSC ERROR: [85]PETSC ERROR: Configure run at Sat Mar 22 19:43:57 2014
configure using --with-debugging=yes, recompile, link, and run 
[85]PETSC ERROR: [91]PETSC ERROR: to get more information on the crash.
------------------------------------------------------------------------
Configure options --with-scalar-type=complex --with-precision=single --with-debugging=no --download-f-blas-lapack --with-fortran-kernels=generic --with-64-bit-indices=1
[91]PETSC ERROR: ------------------------------------------------------------------------
[91]PETSC ERROR: [cli_84]: User provided function() line 0 in unknown directory unknown file
[85]PETSC ERROR: --------------------- Error Message ------------------------------------
aborting job:
application called MPI_Abort(MPI_COMM_WORLD, 59) - process 84
[85]PETSC ERROR: [88]PETSC ERROR: Signal received!
[85]PETSC ERROR: ------------------------------------------------------------------------
Caught signal number 11 SEGV: Segmentation Violation, probably memory access out of range
[85]PETSC ERROR: [88]PETSC ERROR: [cli_91]: Petsc Release Version 3.4.3, Oct, 15, 2013 
Try option -start_in_debugger or -on_error_attach_debugger
[85]PETSC ERROR: [88]PETSC ERROR: aborting job:
application called MPI_Abort(MPI_COMM_WORLD, 59) - process 91
or see http://www.mcs.anl.gov/petsc/documentation/faq.html#valgrindSee docs/changes/index.html for recent updates.
[88]PETSC ERROR: [85]PETSC ERROR: or try http://valgrind.org on GNU/linux and Apple Mac OS X to find memory corruption errors
See docs/faq.html for hints about trouble shooting.
[88]PETSC ERROR: [85]PETSC ERROR: configure using --with-debugging=yes, recompile, link, and run 
See docs/index.html for manual pages.
[88]PETSC ERROR: [85]PETSC ERROR: to get more information on the crash.
------------------------------------------------------------------------
[85]PETSC ERROR: ./scat on a arch-linux2-fftw named gcn-15-62.sdsc.edu by nhantran Sun Mar 30 07:41:33 2014
[85]PETSC ERROR: Libraries linked from /home/nhantran/local/src/petsc-3.4.3/arch-linux2-fftw/lib
[88]PETSC ERROR: [85]PETSC ERROR: --------------------- Error Message ------------------------------------
Configure run at Sat Mar 22 19:43:57 2014
[85]PETSC ERROR: [88]PETSC ERROR: Configure options --with-scalar-type=complex --with-precision=single --with-debugging=no --download-f-blas-lapack --with-fortran-kernels=generic --with-64-bit-indices=1
[85]PETSC ERROR: Signal received!
------------------------------------------------------------------------
[88]PETSC ERROR: [85]PETSC ERROR: ------------------------------------------------------------------------
User provided function() line 0 in unknown directory unknown file
[88]PETSC ERROR: Petsc Release Version 3.4.3, Oct, 15, 2013 
[88]PETSC ERROR: See docs/changes/index.html for recent updates.
[88]PETSC ERROR: See docs/faq.html for hints about trouble shooting.
[88]PETSC ERROR: See docs/index.html for manual pages.
[88]PETSC ERROR: ------------------------------------------------------------------------
[cli_85]: [88]PETSC ERROR: ./scat on a arch-linux2-fftw named gcn-15-62.sdsc.edu by nhantran Sun Mar 30 07:41:33 2014
aborting job:
application called MPI_Abort(MPI_COMM_WORLD, 59) - process 85
[88]PETSC ERROR: Libraries linked from /home/nhantran/local/src/petsc-3.4.3/arch-linux2-fftw/lib
[88]PETSC ERROR: Configure run at Sat Mar 22 19:43:57 2014
[88]PETSC ERROR: Configure options --with-scalar-type=complex --with-precision=single --with-debugging=no --download-f-blas-lapack --with-fortran-kernels=generic --with-64-bit-indices=1
[88]PETSC ERROR: ------------------------------------------------------------------------
[88]PETSC ERROR: User provided function() line 0 in unknown directory unknown file
[cli_88]: aborting job:
application called MPI_Abort(MPI_COMM_WORLD, 59) - process 88
[81]PETSC ERROR: or try http://valgrind.org on GNU/linux and Apple Mac OS X to find memory corruption errors
[81]PETSC ERROR: configure using --with-debugging=yes, recompile, link, and run 
[81]PETSC ERROR: to get more information on the crash.
[81]PETSC ERROR: --------------------- Error Message ------------------------------------
[81]PETSC ERROR: Signal received!
[81]PETSC ERROR: ------------------------------------------------------------------------
[81]PETSC ERROR: [95]PETSC ERROR: Petsc Release Version 3.4.3, Oct, 15, 2013 
[81]PETSC ERROR: See docs/changes/index.html for recent updates.
[81]PETSC ERROR: See docs/faq.html for hints about trouble shooting.
[81]PETSC ERROR: See docs/index.html for manual pages.
[81]PETSC ERROR: or try http://valgrind.org on GNU/linux and Apple Mac OS X to find memory corruption errors
------------------------------------------------------------------------
[81]PETSC ERROR: [95]PETSC ERROR: configure using --with-debugging=yes, recompile, link, and run 
./scat on a arch-linux2-fftw named gcn-15-62.sdsc.edu by nhantran Sun Mar 30 07:41:33 2014
[95]PETSC ERROR: [81]PETSC ERROR: to get more information on the crash.
Libraries linked from /home/nhantran/local/src/petsc-3.4.3/arch-linux2-fftw/lib
[81]PETSC ERROR: Configure run at Sat Mar 22 19:43:57 2014
[81]PETSC ERROR: [95]PETSC ERROR: Configure options --with-scalar-type=complex --with-precision=single --with-debugging=no --download-f-blas-lapack --with-fortran-kernels=generic --with-64-bit-indices=1
[81]PETSC ERROR: --------------------- Error Message ------------------------------------
------------------------------------------------------------------------
[95]PETSC ERROR: [81]PETSC ERROR: User provided function() line 0 in unknown directory unknown file
Signal received!
[95]PETSC ERROR: ------------------------------------------------------------------------
[95]PETSC ERROR: Petsc Release Version 3.4.3, Oct, 15, 2013 
[95]PETSC ERROR: See docs/changes/index.html for recent updates.
[95]PETSC ERROR: See docs/faq.html for hints about trouble shooting.
[95]PETSC ERROR: [cli_81]: See docs/index.html for manual pages.
[95]PETSC ERROR: ------------------------------------------------------------------------
[95]PETSC ERROR: aborting job:
application called MPI_Abort(MPI_COMM_WORLD, 59) - process 81
./scat on a arch-linux2-fftw named gcn-15-62.sdsc.edu by nhantran Sun Mar 30 07:41:33 2014
[95]PETSC ERROR: Libraries linked from /home/nhantran/local/src/petsc-3.4.3/arch-linux2-fftw/lib
[95]PETSC ERROR: Configure run at Sat Mar 22 19:43:57 2014
[95]PETSC ERROR: Configure options --with-scalar-type=complex --with-precision=single --with-debugging=no --download-f-blas-lapack --with-fortran-kernels=generic --with-64-bit-indices=1
[95]PETSC ERROR: ------------------------------------------------------------------------
[95]PETSC ERROR: User provided function() line 0 in unknown directory unknown file
[cli_95]: aborting job:
application called MPI_Abort(MPI_COMM_WORLD, 59) - process 95
------------------------------------------------------------------------
[87]PETSC ERROR: ./scat on a arch-linux2-fftw named gcn-15-62.sdsc.edu by nhantran Sun Mar 30 07:41:33 2014
[87]PETSC ERROR: Libraries linked from /home/nhantran/local/src/petsc-3.4.3/arch-linux2-fftw/lib
[87]PETSC ERROR: Configure run at Sat Mar 22 19:43:57 2014
[87]PETSC ERROR: Configure options --with-scalar-type=complex --with-precision=single --with-debugging=no --download-f-blas-lapack --with-fortran-kernels=generic --with-64-bit-indices=1
[87]PETSC ERROR: ------------------------------------------------------------------------
[87]PETSC ERROR: User provided function() line 0 in unknown directory unknown file
[cli_87]: aborting job:
application called MPI_Abort(MPI_COMM_WORLD, 59) - process 87
[gcn-15-62.sdsc.edu:mpispawn_5][readline] Unexpected End-Of-File on file descriptor 19. MPI process died?
[gcn-15-62.sdsc.edu:mpispawn_5][mtpmi_processops] Error while reading PMI socket. MPI process died?
[gcn-15-62.sdsc.edu:mpispawn_5][child_handler] MPI process (rank: 83, pid: 86152) exited with status 59
[gcn-15-62.sdsc.edu:mpispawn_5][child_handler] MPI process (rank: 92, pid: 86161) exited with status 59
[gcn-15-62.sdsc.edu:mpispawn_5][child_handler] MPI process (rank: 80, pid: 86149) exited with status 59
[gcn-15-62.sdsc.edu:mpispawn_5][child_handler] MPI process (rank: 86, pid: 86155) exited with status 59
[gcn-15-62.sdsc.edu:mpispawn_5][child_handler] MPI process (rank: 90, pid: 86159) exited with status 59
[gcn-15-62.sdsc.edu:mpispawn_5][child_handler] MPI process (rank: 82, pid: 86151) exited with status 59
[gcn-15-62.sdsc.edu:mpispawn_5][child_handler] MPI process (rank: 84, pid: 86153) exited with status 59
[gcn-15-62.sdsc.edu:mpispawn_5][child_handler] MPI process (rank: 87, pid: 86156) exited with status 59
[gcn-15-62.sdsc.edu:mpispawn_5][child_handler] MPI process (rank: 81, pid: 86150) exited with status 59
[gcn-15-62.sdsc.edu:mpispawn_5][child_handler] MPI process (rank: 85, pid: 86154) exited with status 59
[gcn-15-62.sdsc.edu:mpispawn_5][child_handler] MPI process (rank: 88, pid: 86157) exited with status 59
[gcn-15-62.sdsc.edu:mpispawn_5][child_handler] MPI process (rank: 91, pid: 86160) exited with status 59
[gcn-15-62.sdsc.edu:mpispawn_5][child_handler] MPI process (rank: 93, pid: 86162) exited with status 59
[gcn-15-62.sdsc.edu:mpispawn_5][child_handler] MPI process (rank: 94, pid: 86163) exited with status 59
[gcn-15-62.sdsc.edu:mpispawn_5][child_handler] MPI process (rank: 89, pid: 86158) exited with status 59
[gcn-15-62.sdsc.edu:mpispawn_5][child_handler] MPI process (rank: 95, pid: 86164) exited with status 59
9506) exited with status 59
[gcn-19-17.sdsc.edu:mpispawn_13][child_handler] MPI process (rank: 221, pid: 99507) exited with status 59
[gcn-19-17.sdsc.edu:mpispawn_13][child_handler] MPI process (rank: 223, pid: 99509) exited with status 59
