
WARNING: Volume of the domain containing particles should be positive. Set the default value!
WARNING: Particle radius should be positive and less than the domain size. Set the default value!
WARNING: Distance between neighboring particles should be positive, greater than the radius of a particle, and less than the domain size. Set the default value!
WARNING: Original refraction should not be zero. Set the default value!
WARNING: Desired refraction should not be zero. Set the default value!
WARNING: Distribution of particles should be positive. Set the default value!
----------------------- SOLVING PARTICLE SCATTERING PROBLEM -----------------------

Speed of wave, v:					34400
Frequency, f:						1000
Wave number, k:						0.182651
Direction of plane wave, alpha:				(1, 0, 0)
Kappa:							0.5
Volume of the domain that contains all particles, |D|:	1
Original refraction coefficient, n0:			1+0i
Desired refraction coefficient, n:			-1+0.001i
Distribution of particles, N:				1
Boundary impedance, zeta:				4.21424e-06+0.00842849i
Radius of one particle, a:				3.968503e-07
Distance between two neighboring particles, d:		6.299605e-04
Number of particles, M:					4000000000 (4.000000e+09)
Number of sub cubes after partitioning the domain, P:	8000
Total collocation points for solving integral equation:	27000

Initializing done:	Mem used: 2.09183e+07 	Elapsed time:	0:0:0
Setting up FFT:		Mem used: 2.34988e+07 	Elapsed time:	0:0:0
Setting up RHS done:	Mem used: 3.14589e+08 	Elapsed time:	0:0:6

Computing:
Tolerance:	0.001
Method:		cg
Copy internal vector:	Mem used: 3.81237e+09 	Elapsed time:	0:0:15
Apply FFT:		Mem used: 3.81857e+09 	Elapsed time:	0:14:35
Pad Green cube:		Mem used: 6.16369e+09 	Elapsed time:	0:25:0
Multiply vectors:	Mem used: 6.16369e+09 	Elapsed time:	0:25:2
Apply iFFT:		Mem used: 3.82942e+09 	Elapsed time:	0:28:0
Copy internal vector:	Mem used: 7.92084e+09 	Elapsed time:	0:30:45
