[gcn-16-81.sdsc.edu:mpispawn_1][readline] Unexpected End-Of-File on file descriptor 8. MPI process died?
[gcn-16-81.sdsc.edu:mpispawn_1][mtpmi_processops] Error while reading PMI socket. MPI process died?
[gcn-16-81.sdsc.edu:mpispawn_1][child_handler] MPI process (rank: 11, pid: 82561) terminated with signal 9 -> abort job
[gcn-15-73.sdsc.edu:mpirun_rsh][process_mpispawn_connection] mpispawn_1 from node gcn-16-81 aborted: MPI process error (1)
[gcn-15-73.sdsc.edu:mpispawn_0][read_size] Unexpected End-Of-File on file descriptor 14. MPI process died?
[gcn-15-73.sdsc.edu:mpispawn_0][read_size] Unexpected End-Of-File on file descriptor 14. MPI process died?
[gcn-15-73.sdsc.edu:mpispawn_0][handle_mt_peer] Error while reading PMI socket. MPI process died?
[gcn-19-18.sdsc.edu:mpispawn_6][read_size] Unexpected End-Of-File on file descriptor 13. MPI process died?
[gcn-19-18.sdsc.edu:mpispawn_6][read_size] Unexpected End-Of-File on file descriptor 13. MPI process died?
[gcn-19-18.sdsc.edu:mpispawn_6][handle_mt_peer] Error while reading PMI socket. MPI process died?
[gcn-18-21.sdsc.edu:mpispawn_2][read_size] Unexpected End-Of-File on file descriptor 13. MPI process died?
[gcn-18-21.sdsc.edu:mpispawn_2][read_size] Unexpected End-Of-File on file descriptor 13. MPI process died?
[gcn-18-21.sdsc.edu:mpispawn_2][handle_mt_peer] Error while reading PMI socket. MPI process died?
[gcn-18-28.sdsc.edu:mpispawn_4][read_size] Unexpected End-Of-File on file descriptor 13. MPI process died?
[gcn-18-28.sdsc.edu:mpispawn_4][read_size] Unexpected End-Of-File on file descriptor 13. MPI process died?
[gcn-18-28.sdsc.edu:mpispawn_4][handle_mt_peer] Error while reading PMI socket. MPI process died?
[gcn-19-61.sdsc.edu:mpispawn_13][read_size] Unexpected End-Of-File on file descriptor 13. MPI process died?
[gcn-19-61.sdsc.edu:mpispawn_13][read_size] Unexpected End-Of-File on file descriptor 13. MPI process died?
[gcn-19-61.sdsc.edu:mpispawn_13][handle_mt_peer] Error while reading PMI socket. MPI process died?
[gcn-19-63.sdsc.edu:mpispawn_14][read_size] Unexpected End-Of-File on file descriptor 13. MPI process died?
[gcn-19-63.sdsc.edu:mpispawn_14][read_size] Unexpected End-Of-File on file descriptor 13. MPI process died?
[gcn-19-63.sdsc.edu:mpispawn_14][handle_mt_peer] Error while reading PMI socket. MPI process died?
[gcn-9-87.sdsc.edu:mpispawn_22][read_size] Unexpected End-Of-File on file descriptor 13. MPI process died?
[gcn-9-87.sdsc.edu:mpispawn_22][read_size] Unexpected End-Of-File on file descriptor 13. MPI process died?
[gcn-9-87.sdsc.edu:mpispawn_22][handle_mt_peer] Error while reading PMI socket. MPI process died?
[gcn-9-88.sdsc.edu:mpispawn_23][read_size] Unexpected End-Of-File on file descriptor 13. MPI process died?
[gcn-9-88.sdsc.edu:mpispawn_23][read_size] Unexpected End-Of-File on file descriptor 13. MPI process died?
[gcn-9-88.sdsc.edu:mpispawn_23][handle_mt_peer] Error while reading PMI socket. MPI process died?
[gcn-19-55.sdsc.edu:mpispawn_9][read_size] Unexpected End-Of-File on file descriptor 13. MPI process died?
[gcn-19-55.sdsc.edu:mpispawn_9][read_size] Unexpected End-Of-File on file descriptor 13. MPI process died?
[gcn-19-55.sdsc.edu:mpispawn_9][handle_mt_peer] Error while reading PMI socket. MPI process died?
[gcn-19-57.sdsc.edu:mpispawn_11][read_size] Unexpected End-Of-File on file descriptor 13. MPI process died?
[gcn-19-57.sdsc.edu:mpispawn_11][read_size] Unexpected End-Of-File on file descriptor 13. MPI process died?
[gcn-19-57.sdsc.edu:mpispawn_11][handle_mt_peer] Error while reading PMI socket. MPI process died?
[gcn-20-83.sdsc.edu:mpispawn_19][read_size] Unexpected End-Of-File on file descriptor 13. MPI process died?
[gcn-20-83.sdsc.edu:mpispawn_19][read_size] Unexpected End-Of-File on file descriptor 13. MPI process died?
[gcn-20-83.sdsc.edu:mpispawn_19][handle_mt_peer] Error while reading PMI socket. MPI process died?
[gcn-19-67.sdsc.edu:mpispawn_17][read_size] Unexpected End-Of-File on file descriptor 13. MPI process died?
[gcn-19-67.sdsc.edu:mpispawn_17][read_size] Unexpected End-Of-File on file descriptor 13. MPI process died?
[gcn-19-67.sdsc.edu:mpispawn_17][handle_mt_peer] Error while reading PMI socket. MPI process died?
