
WARNING: Volume of the domain containing particles should be positive. Set the default value!
WARNING: Particle radius should be positive and less than the domain size. Set the default value!
WARNING: Distance between neighboring particles should be positive, greater than the radius of a particle, and less than the domain size. Set the default value!
WARNING: Original refraction should not be zero. Set the default value!
WARNING: Desired refraction should not be zero. Set the default value!
WARNING: Distribution of particles should be positive. Set the default value!
----------------------- SOLVING PARTICLE SCATTERING PROBLEM -----------------------

Speed of wave, v:					34400
Frequency, f:						1000
Wave number, k:						0.182651
Direction of plane wave, alpha:				(1, 0, 0)
Kappa:							0.5
Volume of the domain that contains all particles, |D|:	1
Original refraction coefficient, n0:			1+0i
Desired refraction coefficient, n:			-1+0.001i
Distribution of particles, N:				1
Boundary impedance, zeta:				3.82889e-06+0.00765779i
Radius of one particle, a:				4.807499e-07
Distance between two neighboring particles, d:		6.933613e-04
Number of particles, M:					3000000000 (3.000000e+09)
Number of sub cubes after partitioning the domain, P:	8000
Total collocation points for solving integral equation:	27000

Initializing done!
Elapsed time:	0:0:0

Setting up FFT .... done!
Elapsed time:	0:0:58

Setting up RHS done!
Elapsed time:	0:0:59

Computing:
Tolerance:	0.001
Method:		cg
  0 KSP Residual norm 5.477225390625e+04 
Zero vector:		Elapsed time:	0:1:37
Copy vector:		Elapsed time:	0:1:37
LiMIC: (limic_rx_comp) LIMIC_RX fail
LiMIC: (limic_rx_comp) LIMIC_RX fail
