[gcn-2-46.sdsc.edu:mpispawn_3][child_handler] MPI process (rank: 18, pid: 24788) terminated with signal 9 -> abort job
[gcn-2-46.sdsc.edu:mpispawn_3][readline] Unexpected End-Of-File on file descriptor 7. MPI process died?
[gcn-2-46.sdsc.edu:mpispawn_3][mtpmi_processops] Error while reading PMI socket. MPI process died?
[gcn-14-16.sdsc.edu:mpirun_rsh][process_mpispawn_connection] mpispawn_3 from node gcn-2-46 aborted: Error while reading a PMI socket (4)
[gcn-14-16.sdsc.edu:mpispawn_0][read_size] Unexpected End-Of-File on file descriptor 13. MPI process died?
[gcn-14-16.sdsc.edu:mpispawn_0][read_size] Unexpected End-Of-File on file descriptor 13. MPI process died?
[gcn-14-16.sdsc.edu:mpispawn_0][handle_mt_peer] Error while reading PMI socket. MPI process died?
[gcn-20-67.sdsc.edu:mpispawn_16][read_size] Unexpected End-Of-File on file descriptor 10. MPI process died?
[gcn-20-67.sdsc.edu:mpispawn_16][read_size] Unexpected End-Of-File on file descriptor 10. MPI process died?
[gcn-20-67.sdsc.edu:mpispawn_16][handle_mt_peer] Error while reading PMI socket. MPI process died?
[gcn-16-57.sdsc.edu:mpispawn_1][read_size] Unexpected End-Of-File on file descriptor 10. MPI process died?
[gcn-16-57.sdsc.edu:mpispawn_1][read_size] Unexpected End-Of-File on file descriptor 10. MPI process died?
[gcn-16-57.sdsc.edu:mpispawn_1][handle_mt_peer] Error while reading PMI socket. MPI process died?
[gcn-2-47.sdsc.edu:mpispawn_4][read_size] Unexpected End-Of-File on file descriptor 10. MPI process died?
[gcn-2-47.sdsc.edu:mpispawn_4][read_size] Unexpected End-Of-File on file descriptor 10. MPI process died?
[gcn-2-47.sdsc.edu:mpispawn_4][handle_mt_peer] Error while reading PMI socket. MPI process died?
[gcn-9-87.sdsc.edu:mpispawn_54][read_size] Unexpected End-Of-File on file descriptor 10. MPI process died?
[gcn-9-87.sdsc.edu:mpispawn_54][read_size] Unexpected End-Of-File on file descriptor 10. MPI process died?
[gcn-9-87.sdsc.edu:mpispawn_54][handle_mt_peer] Error while reading PMI socket. MPI process died?
[gcn-9-88.sdsc.edu:mpispawn_55][read_size] Unexpected End-Of-File on file descriptor 10. MPI process died?
[gcn-9-88.sdsc.edu:mpispawn_55][read_size] Unexpected End-Of-File on file descriptor 10. MPI process died?
[gcn-9-88.sdsc.edu:mpispawn_55][handle_mt_peer] Error while reading PMI socket. MPI process died?
[gcn-2-76.sdsc.edu:mpispawn_8][read_size] Unexpected End-Of-File on file descriptor 10. MPI process died?
[gcn-2-76.sdsc.edu:mpispawn_8][read_size] Unexpected End-Of-File on file descriptor 10. MPI process died?
[gcn-2-76.sdsc.edu:mpispawn_8][handle_mt_peer] Error while reading PMI socket. MPI process died?
[gcn-2-71.sdsc.edu:mpispawn_6][read_size] Unexpected End-Of-File on file descriptor 10. MPI process died?
[gcn-2-71.sdsc.edu:mpispawn_6][read_size] Unexpected End-Of-File on file descriptor 10. MPI process died?
[gcn-2-71.sdsc.edu:mpispawn_6][handle_mt_peer] Error while reading PMI socket. MPI process died?
[gcn-5-28.sdsc.edu:mpispawn_35][read_size] Unexpected End-Of-File on file descriptor 10. MPI process died?
[gcn-5-28.sdsc.edu:mpispawn_35][read_size] Unexpected End-Of-File on file descriptor 10. MPI process died?
[gcn-5-28.sdsc.edu:mpispawn_35][handle_mt_peer] Error while reading PMI socket. MPI process died?
[gcn-4-54.sdsc.edu:mpispawn_32][read_size] Unexpected End-Of-File on file descriptor 10. MPI process died?
[gcn-4-54.sdsc.edu:mpispawn_32][read_size] Unexpected End-Of-File on file descriptor 10. MPI process died?
[gcn-4-54.sdsc.edu:mpispawn_32][handle_mt_peer] Error while reading PMI socket. MPI process died?
[gcn-2-48.sdsc.edu:mpispawn_5][read_size] Unexpected End-Of-File on file descriptor 10. MPI process died?
[gcn-2-48.sdsc.edu:mpispawn_5][read_size] Unexpected End-Of-File on file descriptor 10. MPI process died?
[gcn-2-48.sdsc.edu:mpispawn_5][handle_mt_peer] Error while reading PMI socket. MPI process died?
[gcn-19-61.sdsc.edu:mpispawn_2][read_size] Unexpected End-Of-File on file descriptor 10. MPI process died?
[gcn-19-61.sdsc.edu:mpispawn_2][read_size] Unexpected End-Of-File on file descriptor 10. MPI process died?
[gcn-19-61.sdsc.edu:mpispawn_2][handle_mt_peer] Error while reading PMI socket. MPI process died?
[gcn-3-11.sdsc.edu:mpispawn_18][read_size] Unexpected End-Of-File on file descriptor 10. MPI process died?
[gcn-3-11.sdsc.edu:mpispawn_18][read_size] Unexpected End-Of-File on file descriptor 10. MPI process died?
[gcn-3-11.sdsc.edu:mpispawn_18][handle_mt_peer] Error while reading PMI socket. MPI process died?
[gcn-20-68.sdsc.edu:mpispawn_17][read_size] Unexpected End-Of-File on file descriptor 10. MPI process died?
[gcn-20-68.sdsc.edu:mpispawn_17][read_size] Unexpected End-Of-File on file descriptor 10. MPI process died?
[gcn-20-68.sdsc.edu:mpispawn_17][handle_mt_peer] Error while reading PMI socket. MPI process died?
[gcn-3-17.sdsc.edu:mpispawn_24][read_size] Unexpected End-Of-File on file descriptor 10. MPI process died?
[gcn-3-17.sdsc.edu:mpispawn_24][read_size] Unexpected End-Of-File on file descriptor 10. MPI process died?
[gcn-3-17.sdsc.edu:mpispawn_24][handle_mt_peer] Error while reading PMI socket. MPI process died?
[gcn-3-16.sdsc.edu:mpispawn_23][read_size] Unexpected End-Of-File on file descriptor 10. MPI process died?
[gcn-3-16.sdsc.edu:mpispawn_23][read_size] Unexpected End-Of-File on file descriptor 10. MPI process died?
[gcn-3-16.sdsc.edu:mpispawn_23][handle_mt_peer] Error while reading PMI socket. MPI process died?
[gcn-2-78.sdsc.edu:mpispawn_10][read_size] Unexpected End-Of-File on file descriptor 10. MPI process died?
[gcn-2-78.sdsc.edu:mpispawn_10][read_size] Unexpected End-Of-File on file descriptor 10. MPI process died?
[gcn-2-78.sdsc.edu:mpispawn_10][handle_mt_peer] Error while reading PMI socket. MPI process died?
[gcn-2-81.sdsc.edu:mpispawn_11][read_size] Unexpected End-Of-File on file descriptor 10. MPI process died?
[gcn-2-81.sdsc.edu:mpispawn_11][read_size] Unexpected End-Of-File on file descriptor 10. MPI process died?
[gcn-2-81.sdsc.edu:mpispawn_11][handle_mt_peer] Error while reading PMI socket. MPI process died?
[gcn-5-48.sdsc.edu:mpispawn_39][read_size] Unexpected End-Of-File on file descriptor 10. MPI process died?
[gcn-5-48.sdsc.edu:mpispawn_39][read_size] Unexpected End-Of-File on file descriptor 10. MPI process died?
[gcn-5-48.sdsc.edu:mpispawn_39][handle_mt_peer] Error while reading PMI socket. MPI process died?
