
WARNING: Volume of the domain containing particles should be positive. Set the default value!
WARNING: Particle radius should be positive and less than the domain size. Set the default value!
WARNING: Distance between neighboring particles should be positive, greater than the radius of a particle, and less than the domain size. Set the default value!
WARNING: Original refraction should not be zero. Set the default value!
WARNING: Desired refraction should not be zero. Set the default value!
WARNING: Distribution of particles should be positive. Set the default value!
----------------------- SOLVING PARTICLE SCATTERING PROBLEM -----------------------

Speed of wave, v:					34400
Frequency, f:						1000
Wave number, k:						0.182651
Direction of plane wave, alpha:				(1, 0, 0)
Kappa:							0.5
Volume of the domain that contains all particles, |D|:	1
Original refraction coefficient, n0:			1+0i
Desired refraction coefficient, n:			-1+0.001i
Distribution of particles, N:				1
Boundary impedance, zeta:				5.71961e-06+0.0114392i
Radius of one particle, a:				2.154435e-07
Distance between two neighboring particles, d:		4.641589e-04
Number of particles, M:					10000000000 (1.000000e+10)
Number of sub cubes after partitioning the domain, P:	1000
Total collocation points for solving integral equation:	27000

Initializing done:	Mem used: 2.15122e+07 	Elapsed time:		0:0:1
Setting up FFT:		Mem used: 2.53133e+07 	Elapsed time:		0:0:6
Setting up RHS done:	Mem used: 2.41693e+08 	Elapsed time:		0:0:8

Computing:
Tolerance:	0.001
Method:		cg
Copy internal vector:	Mem used: 2.88595e+09 	Elapsed time:		0:0:14
Apply FFT:		Mem used: 2.89227e+09 	Elapsed time:		0:19:38
Pad Green cube:		Mem used: 4.6824e+09 	Elapsed time:		0:43:47
Multiply vectors:	Mem used: 4.6824e+09 	Elapsed time:		0:43:48
Apply iFFT:		Mem used: 2.90322e+09 	Elapsed time:		1:21:25
Copy internal vector:	Mem used: 6.03735e+09 	Elapsed time:		1:21:35
Assembly result:	Mem used: 2.90534e+09 	Elapsed time:		1:25:30

Solving the original linear system (FFT):
Norm of r=b-Ax:		0.736044
Relative error |r|/|b|:	7.36044e-06
Iterations:		1
Elapsed time:		1:28:10

Solving the reduced linear system:
Norm of r=b-Ax:		4.1717e-05
Relative error |r|/|b|:	1.31921e-06
Iterations:		1
Elapsed time:		1:28:10

Solving the integral equation:
Norm of r=b-Ax:		0.000222497
Relative error |r|/|b|:	1.35407e-06
Iterations:		1
Elapsed time:		1:28:11

Comparing solutions:
(Original system)   vs (Reduced system):	0.00908054
(Integral equation) vs (Original system):	0.00297569
(Integral equation) vs (Reduced system):	0.0121767
(Original system)   vs (Incident field):	1.32754e-06

Started on:		Sun Jun  1 23:25:16 2014
Finished on:		Mon Jun  2 00:53:53 2014
Elapsed time:		1:28:37
