
WARNING: Volume of the domain containing particles should be positive. Set the default value!
WARNING: Particle radius should be positive and less than the domain size. Set the default value!
WARNING: Distance between neighboring particles should be positive, greater than the radius of a particle, and less than the domain size. Set the default value!
WARNING: Original refraction should not be zero. Set the default value!
WARNING: Desired refraction should not be zero. Set the default value!
WARNING: Distribution of particles should be positive. Set the default value!
----------------------- SOLVING PARTICLE SCATTERING PROBLEM -----------------------

Speed of wave, v:					34400
Frequency, f:						1000
Wave number, k:						0.182651
Direction of plane wave, alpha:				(1, 0, 0)
Kappa:							0.5
Volume of the domain that contains all particles, |D|:	1
Original refraction coefficient, n0:			1+0i
Desired refraction coefficient, n:			-1+0.001i
Distribution of particles, N:				1
Boundary impedance, zeta:				4.21424e-06+0.00842849i
Radius of one particle, a:				3.968503e-07
Distance between two neighboring particles, d:		6.299605e-04
Number of particles, M:					4000000000 (4.000000e+09)
Number of sub cubes after partitioning the domain, P:	1000
Total collocation points for solving integral equation:	8000

Initializing done:	Mem used: 2.08118e+07 	Elapsed time:		0:0:0
Setting up FFT:		Mem used: 2.44449e+07 	Elapsed time:		0:0:1
Setting up RHS done:	Mem used: 2.53182e+08 	Elapsed time:		0:0:6

Computing:
Tolerance:	0.001
Method:		cg
Copy internal vector:	Mem used: 3.0177e+09 	Elapsed time:		0:0:10
Apply FFT:		Mem used: 3.02483e+09 	Elapsed time:		0:2:31
Pad Green cube:		Mem used: 4.88683e+09 	Elapsed time:		0:5:21
Multiply vectors:	Mem used: 4.88683e+09 	Elapsed time:		0:5:23
Apply iFFT:		Mem used: 3.03552e+09 	Elapsed time:		0:7:38
Copy internal vector:	Mem used: 6.28774e+09 	Elapsed time:		0:7:59
Assembly result:	Mem used: 3.0427e+09 	Elapsed time:		0:8:38

Solving the original linear system (FFT):
Norm of r=b-Ax:		0.441372
Relative error |r|/|b|:	6.97871e-06
Iterations:		1
Elapsed time:		0:8:39

Solving the reduced linear system:
Norm of r=b-Ax:		4.13618e-05
Relative error |r|/|b|:	1.30798e-06
Iterations:		1
Elapsed time:		0:8:39

Solving the integral equation:
Norm of r=b-Ax:		0.000119193
Relative error |r|/|b|:	1.33262e-06
Iterations:		1
Elapsed time:		0:8:39

Comparing solutions:
(Original system)   vs (Reduced system):	0.00904034
(Integral equation) vs (Original system):	0.00449552
(Integral equation) vs (Reduced system):	-nan
(Original system)   vs (Incident field):	2.07469e-06

Started on:		Wed May 28 09:43:35 2014
Finished on:		Wed May 28 09:52:38 2014
Elapsed time:		0:9:3
