
WARNING: Volume of the domain containing particles should be positive. Set the default value!
WARNING: Particle radius should be positive and less than the domain size. Set the default value!
WARNING: Distance between neighboring particles should be positive, greater than the radius of a particle, and less than the domain size. Set the default value!
WARNING: Original refraction should not be zero. Set the default value!
WARNING: Desired refraction should not be zero. Set the default value!
WARNING: Distribution of particles should be positive. Set the default value!
----------------------- SOLVING PARTICLE SCATTERING PROBLEM -----------------------

Speed of wave, v:					34400
Frequency, f:						1000
Wave number, k:						0.182651
Direction of plane wave, alpha:				(1, 0, 0)
Kappa:							0.5
Volume of the domain that contains all particles, |D|:	1
Original refraction coefficient, n0:			1+0i
Desired refraction coefficient, n:			-1+0.001i
Distribution of particles, N:				1
Boundary impedance, zeta:				5.07846e-06+0.0101569i
Radius of one particle, a:				2.732759e-07
Distance between two neighboring particles, d:		5.227579e-04
Number of particles, M:					7000000000 (7.000000e+09)
Number of sub cubes after partitioning the domain, P:	1000
Total collocation points for solving integral equation:	8000

Initializing done:	Mem used: 2.09838e+07 	Elapsed time:		0:0:0
Setting up FFT:		Mem used: 2.47644e+07 	Elapsed time:		0:0:0
Setting up RHS done:	Mem used: 2.5353e+08 	Elapsed time:		0:0:3

Computing:
Tolerance:	0.001
Method:		cg
Copy internal vector:	Mem used: 3.03827e+09 	Elapsed time:		0:0:5
Apply FFT:		Mem used: 3.04306e+09 	Elapsed time:		0:1:29
Pad Green cube:		Mem used: 4.92546e+09 	Elapsed time:		0:3:21
Multiply vectors:	Mem used: 4.92546e+09 	Elapsed time:		0:3:22
Apply iFFT:		Mem used: 3.05376e+09 	Elapsed time:		0:4:37
Copy internal vector:	Mem used: 6.34789e+09 	Elapsed time:		0:4:47
Assembly result:	Mem used: 3.05657e+09 	Elapsed time:		0:5:45

Solving the original linear system (FFT):
Norm of r=b-Ax:		0.639957
Relative error |r|/|b|:	7.64895e-06
Iterations:		1
Elapsed time:		0:5:52

Solving the reduced linear system:
Norm of r=b-Ax:		4.15627e-05
Relative error |r|/|b|:	1.31433e-06
Iterations:		1
Elapsed time:		0:5:52

Solving the integral equation:
Norm of r=b-Ax:		0.000119801
Relative error |r|/|b|:	1.33941e-06
Iterations:		1
Elapsed time:		0:5:52

Comparing solutions:
(Original system)   vs (Reduced system):	0.00907961
(Integral equation) vs (Original system):	0.00449773
(Integral equation) vs (Reduced system):	-nan
(Original system)   vs (Incident field):	7.95024e-07

Started on:		Wed May 28 18:58:31 2014
Finished on:		Wed May 28 19:04:36 2014
Elapsed time:		0:6:5
