[gcn-14-35.sdsc.edu:mpispawn_0][readline] Unexpected End-Of-File on file descriptor 19. MPI process died?
[gcn-14-35.sdsc.edu:mpispawn_0][mtpmi_processops] Error while reading PMI socket. MPI process died?
[gcn-14-35.sdsc.edu:mpispawn_0][child_handler] MPI process (rank: 2, pid: 87929) terminated with signal 9 -> abort job
[gcn-14-64.sdsc.edu:mpispawn_1][read_size] Unexpected End-Of-File on file descriptor 21. MPI process died?
[gcn-14-64.sdsc.edu:mpispawn_1][read_size] Unexpected End-Of-File on file descriptor 21. MPI process died?
[gcn-14-64.sdsc.edu:mpispawn_1][handle_mt_peer] Error while reading PMI socket. MPI process died?
[gcn-14-65.sdsc.edu:mpispawn_2][read_size] Unexpected End-Of-File on file descriptor 21. MPI process died?
[gcn-14-65.sdsc.edu:mpispawn_2][read_size] Unexpected End-Of-File on file descriptor 21. MPI process died?
[gcn-14-65.sdsc.edu:mpispawn_2][handle_mt_peer] Error while reading PMI socket. MPI process died?
[gcn-15-16.sdsc.edu:mpispawn_3][read_size] Unexpected End-Of-File on file descriptor 21. MPI process died?
[gcn-15-16.sdsc.edu:mpispawn_3][read_size] Unexpected End-Of-File on file descriptor 21. MPI process died?
[gcn-15-16.sdsc.edu:mpispawn_3][handle_mt_peer] Error while reading PMI socket. MPI process died?
[gcn-14-35.sdsc.edu:mpirun_rsh][process_mpispawn_connection] mpispawn_0 from node gcn-14-35 aborted: MPI process error (1)
[gcn-15-17.sdsc.edu:mpispawn_4][read_size] Unexpected End-Of-File on file descriptor 21. MPI process died?
[gcn-15-17.sdsc.edu:mpispawn_4][read_size] Unexpected End-Of-File on file descriptor 21. MPI process died?
[gcn-15-17.sdsc.edu:mpispawn_4][handle_mt_peer] Error while reading PMI socket. MPI process died?
[gcn-15-47.sdsc.edu:mpispawn_6][read_size] Unexpected End-Of-File on file descriptor 21. MPI process died?
[gcn-15-47.sdsc.edu:mpispawn_6][read_size] Unexpected End-Of-File on file descriptor 21. MPI process died?
[gcn-15-47.sdsc.edu:mpispawn_6][handle_mt_peer] Error while reading PMI socket. MPI process died?
[gcn-15-71.sdsc.edu:mpispawn_7][read_size] Unexpected End-Of-File on file descriptor 21. MPI process died?
[gcn-15-71.sdsc.edu:mpispawn_7][read_size] Unexpected End-Of-File on file descriptor 21. MPI process died?
[gcn-15-71.sdsc.edu:mpispawn_7][handle_mt_peer] Error while reading PMI socket. MPI process died?
[gcn-16-45.sdsc.edu:mpispawn_8][read_size] Unexpected End-Of-File on file descriptor 21. MPI process died?
[gcn-16-45.sdsc.edu:mpispawn_8][read_size] Unexpected End-Of-File on file descriptor 21. MPI process died?
[gcn-16-45.sdsc.edu:mpispawn_8][handle_mt_peer] Error while reading PMI socket. MPI process died?
[gcn-9-52.sdsc.edu:mpispawn_13][read_size] Unexpected End-Of-File on file descriptor 21. MPI process died?
[gcn-9-52.sdsc.edu:mpispawn_13][read_size] Unexpected End-Of-File on file descriptor 21. MPI process died?
[gcn-9-52.sdsc.edu:mpispawn_13][handle_mt_peer] Error while reading PMI socket. MPI process died?
[gcn-9-53.sdsc.edu:mpispawn_14][read_size] Unexpected End-Of-File on file descriptor 21. MPI process died?
[gcn-9-53.sdsc.edu:mpispawn_14][read_size] Unexpected End-Of-File on file descriptor 21. MPI process died?
[gcn-9-53.sdsc.edu:mpispawn_14][handle_mt_peer] Error while reading PMI socket. MPI process died?
[gcn-9-15.sdsc.edu:mpispawn_11][read_size] Unexpected End-Of-File on file descriptor 21. MPI process died?
[gcn-9-15.sdsc.edu:mpispawn_11][read_size] Unexpected End-Of-File on file descriptor 21. MPI process died?
[gcn-9-15.sdsc.edu:mpispawn_11][handle_mt_peer] Error while reading PMI socket. MPI process died?
[gcn-9-16.sdsc.edu:mpispawn_12][read_size] Unexpected End-Of-File on file descriptor 21. MPI process died?
[gcn-9-16.sdsc.edu:mpispawn_12][read_size] Unexpected End-Of-File on file descriptor 21. MPI process died?
[gcn-9-16.sdsc.edu:mpispawn_12][handle_mt_peer] Error while reading PMI socket. MPI process died?
[gcn-6-15.sdsc.edu:mpispawn_9][read_size] Unexpected End-Of-File on file descriptor 21. MPI process died?
[gcn-6-15.sdsc.edu:mpispawn_9][read_size] Unexpected End-Of-File on file descriptor 21. MPI process died?
[gcn-6-15.sdsc.edu:mpispawn_9][handle_mt_peer] Error while reading PMI socket. MPI process died?
[gcn-15-25.sdsc.edu:mpispawn_5][read_size] Unexpected End-Of-File on file descriptor 21. MPI process died?
[gcn-15-25.sdsc.edu:mpispawn_5][read_size] Unexpected End-Of-File on file descriptor 21. MPI process died?
[gcn-15-25.sdsc.edu:mpispawn_5][handle_mt_peer] Error while reading PMI socket. MPI process died?
