
WARNING: Volume of the domain containing particles should be positive. Set the default value!
WARNING: Particle radius should be positive and less than the domain size. Set the default value!
WARNING: Distance between neighboring particles should be positive, greater than the radius of a particle, and less than the domain size. Set the default value!
WARNING: Original refraction should not be zero. Set the default value!
WARNING: Desired refraction should not be zero. Set the default value!
WARNING: Distribution of particles should be positive. Set the default value!
----------------------- SOLVING PARTICLE SCATTERING PROBLEM -----------------------

Speed of wave, v:					34400
Frequency, f:						1000
Wave number, k:						0.182651
Direction of plane wave, alpha:				(1, 0, 0)
Kappa:							0.5
Volume of the domain that contains all particles, |D|:	1
Original refraction coefficient, n0:			1+0i
Desired refraction coefficient, n:			-1+0.001i
Distribution of particles, N:				1
Boundary impedance, zeta:				4.21424e-06+0.00842849i
Radius of one particle, a:				3.968503e-07
Distance between two neighboring particles, d:		6.299605e-04
Number of particles, M:					4000000000 (4.000000e+09)
Number of sub cubes after partitioning the domain, P:	8000
Total collocation points for solving integral equation:	27000

Initializing done:	Mem used: 2.10616e+07 	Elapsed time:	0:0:0
Setting up RHS done:	Mem used: 5.06995e+08 	Elapsed time:	0:0:11

Computing:
Tolerance:	0.001
Method:		cg
Setting up FFT:		Mem used: 2.44868e+09 	Elapsed time:	0:0:14
Copy internal vector:	Mem used: 2.93362e+09 	Elapsed time:	0:0:19
Apply FFT:		Mem used: 6.39703e+09 	Elapsed time:	0:7:54
Pad Green cube:		Mem used: 1.03515e+10 	Elapsed time:	0:15:47
Multiply vectors:	Mem used: 1.03515e+10 	Elapsed time:	0:15:50
Apply iFFT:		Mem used: 6.40752e+09 	Elapsed time:	0:20:54
