
WARNING: Volume of the domain containing particles should be positive. Set the default value!
WARNING: Particle radius should be positive and less than the domain size. Set the default value!
WARNING: Distance between neighboring particles should be positive, greater than the radius of a particle, and less than the domain size. Set the default value!
WARNING: Original refraction should not be zero. Set the default value!
WARNING: Desired refraction should not be zero. Set the default value!
WARNING: Distribution of particles should be positive. Set the default value!
----------------------- SOLVING PARTICLE SCATTERING PROBLEM -----------------------

Speed of wave, v:					34400
Frequency, f:						1000
Wave number, k:						0.182651
Direction of plane wave, alpha:				(1, 0, 0)
Kappa:							0.5
Volume of the domain that contains all particles, |D|:	1
Original refraction coefficient, n0:			1+0i
Desired refraction coefficient, n:			-1+0.001i
Distribution of particles, N:				1
Boundary impedance, zeta:				3.34485e-06+0.0066897i
Radius of one particle, a:				6.299605e-07
Distance between two neighboring particles, d:		7.937005e-04
Number of particles, M:					2000000000 (2.000000e+09)
Number of sub cubes after partitioning the domain, P:	8000
Total collocation points for solving integral equation:	27000

Initializing done:	Mem used: 2.11476e+07 	Elapsed time:	0:0:0
Setting up FFT:		Mem used: 2.55836e+07 	Elapsed time:	0:0:0
Setting up RHS done:	Mem used: 1.59109e+08 	Elapsed time:	0:0:1

Computing:
Tolerance:	0.001
Method:		cg
Copy internal vector:	Mem used: 1.75601e+09 	Elapsed time:	0:0:3
Apply FFT:		Mem used: 1.76263e+09 	Elapsed time:	0:0:51
Pad Green cube:		Mem used: 2.83814e+09 	Elapsed time:	0:1:49
Multiply vectors:	Mem used: 2.83814e+09 	Elapsed time:	0:1:50
Apply iFFT:		Mem used: 1.77385e+09 	Elapsed time:	0:2:33
Copy internal vector:	Mem used: 3.64196e+09 	Elapsed time:	0:2:40
Assembly result:	Mem used: 1.77585e+09 	Elapsed time:	0:2:43

Solving the original linear system (FFT):
Norm of error:	0.71056
Iterations:	1
Elapsed time:	0:2:47

Solving the reduced linear system:
Norm of error:	0.00157794
Iterations:	1
Elapsed time:	0:2:48

Solving the integral equation:
Norm of error:	0.00297837
Iterations:	1
Elapsed time:	0:2:48

Comparing solutions:
(Original system)   vs (Reduced system):	7.48128e-05
(Integral equation) vs (Original system):	7.46279e-05
(Integral equation) vs (Reduced system):	-nan
(Original system)   vs (Incident field):	7.97634e-06

Started on:	Fri May  2 22:30:11 2014
Finished on:	Fri May  2 22:33:06 2014
Elapsed time:	0:2:55
