[gcn-3-87.sdsc.edu:mpispawn_27][readline] Unexpected End-Of-File on file descriptor 11. MPI process died?
[gcn-3-87.sdsc.edu:mpispawn_27][mtpmi_processops] Error while reading PMI socket. MPI process died?
[gcn-4-12.sdsc.edu:mpispawn_29][readline] Unexpected End-Of-File on file descriptor 20. MPI process died?
[gcn-4-12.sdsc.edu:mpispawn_29][mtpmi_processops] Error while reading PMI socket. MPI process died?
[gcn-4-12.sdsc.edu:mpispawn_29][child_handler] MPI process (rank: 464, pid: 4129) terminated with signal 9 -> abort job
[gcn-18-11.sdsc.edu:mpirun_rsh][process_mpispawn_connection] mpispawn_29 from node gcn-4-12 aborted: MPI process error (1)
[gcn-3-87.sdsc.edu:mpispawn_27][child_handler] MPI process (rank: 432, pid: 4100) terminated with signal 9 -> abort job
[gcn-18-47.sdsc.edu:mpispawn_6][read_size] Unexpected End-Of-File on file descriptor 24. MPI process died?
[gcn-18-47.sdsc.edu:mpispawn_6][read_size] Unexpected End-Of-File on file descriptor 24. MPI process died?
[gcn-18-47.sdsc.edu:mpispawn_6][handle_mt_peer] Error while reading PMI socket. MPI process died?
[gcn-3-84.sdsc.edu:mpispawn_25][readline] Unexpected End-Of-File on file descriptor 8. MPI process died?
[gcn-3-84.sdsc.edu:mpispawn_25][mtpmi_processops] Error while reading PMI socket. MPI process died?
[gcn-3-84.sdsc.edu:mpispawn_25][child_handler] MPI process (rank: 400, pid: 4041) terminated with signal 9 -> abort job
[gcn-3-86.sdsc.edu:mpispawn_26][readline] Unexpected End-Of-File on file descriptor 20. MPI process died?
[gcn-3-86.sdsc.edu:mpispawn_26][mtpmi_processops] Error while reading PMI socket. MPI process died?
[gcn-3-86.sdsc.edu:mpispawn_26][child_handler] MPI process (rank: 416, pid: 112087) terminated with signal 9 -> abort job
[gcn-20-68.sdsc.edu:mpispawn_21][readline] Unexpected End-Of-File on file descriptor 11. MPI process died?
[gcn-20-68.sdsc.edu:mpispawn_21][mtpmi_processops] Error while reading PMI socket. MPI process died?
[gcn-18-51.sdsc.edu:mpispawn_7][read_size] Unexpected End-Of-File on file descriptor 22. MPI process died?
[gcn-18-51.sdsc.edu:mpispawn_7][read_size] Unexpected End-Of-File on file descriptor 22. MPI process died?
[gcn-18-51.sdsc.edu:mpispawn_7][handle_mt_peer] Error while reading PMI socket. MPI process died?
[gcn-20-68.sdsc.edu:mpispawn_21][child_handler] MPI process (rank: 336, pid: 116463) terminated with signal 9 -> abort job
[gcn-19-67.sdsc.edu:mpispawn_16][readline] Unexpected End-Of-File on file descriptor 17. MPI process died?
[gcn-19-67.sdsc.edu:mpispawn_16][mtpmi_processops] Error while reading PMI socket. MPI process died?
[gcn-19-67.sdsc.edu:mpispawn_16][child_handler] MPI process (rank: 257, pid: 80235) terminated with signal 9 -> abort job
[gcn-18-31.sdsc.edu:mpispawn_5][read_size] Unexpected End-Of-File on file descriptor 22. MPI process died?
[gcn-18-31.sdsc.edu:mpispawn_5][read_size] Unexpected End-Of-File on file descriptor 22. MPI process died?
[gcn-18-31.sdsc.edu:mpispawn_5][handle_mt_peer] Error while reading PMI socket. MPI process died?
[gcn-19-55.sdsc.edu:mpispawn_13][readline] Unexpected End-Of-File on file descriptor 13. MPI process died?
[gcn-19-55.sdsc.edu:mpispawn_13][mtpmi_processops] Error while reading PMI socket. MPI process died?
[gcn-19-55.sdsc.edu:mpispawn_13][child_handler] MPI process (rank: 209, pid: 62437) terminated with signal 9 -> abort job
[gcn-4-11.sdsc.edu:mpispawn_28][read_size] Unexpected End-Of-File on file descriptor 21. MPI process died?
[gcn-4-11.sdsc.edu:mpispawn_28][read_size] Unexpected End-Of-File on file descriptor 21. MPI process died?
[gcn-4-11.sdsc.edu:mpispawn_28][handle_mt_peer] Error while reading PMI socket. MPI process died?
[gcn-20-67.sdsc.edu:mpispawn_20][readline] Unexpected End-Of-File on file descriptor 17. MPI process died?
[gcn-20-67.sdsc.edu:mpispawn_20][mtpmi_processops] Error while reading PMI socket. MPI process died?
[gcn-18-14.sdsc.edu:mpispawn_1][read_size] Unexpected End-Of-File on file descriptor 23. MPI process died?
[gcn-18-14.sdsc.edu:mpispawn_1][read_size] Unexpected End-Of-File on file descriptor 23. MPI process died?
[gcn-18-14.sdsc.edu:mpispawn_1][handle_mt_peer] Error while reading PMI socket. MPI process died?
[gcn-20-67.sdsc.edu:mpispawn_20][child_handler] MPI process (rank: 320, pid: 120513) terminated with signal 9 -> abort job
[gcn-18-25.sdsc.edu:mpispawn_3][read_size] Unexpected End-Of-File on file descriptor 25. MPI process died?
[gcn-18-25.sdsc.edu:mpispawn_3][read_size] Unexpected End-Of-File on file descriptor 25. MPI process died?
[gcn-18-25.sdsc.edu:mpispawn_3][handle_mt_peer] Error while reading PMI socket. MPI process died?
[gcn-4-14.sdsc.edu:mpispawn_31][read_size] Unexpected End-Of-File on file descriptor 21. MPI process died?
[gcn-4-14.sdsc.edu:mpispawn_31][read_size] Unexpected End-Of-File on file descriptor 21. MPI process died?
[gcn-4-14.sdsc.edu:mpispawn_31][handle_mt_peer] Error while reading PMI socket. MPI process died?
[gcn-4-11.sdsc.edu:mpispawn_28][child_handler] MPI process (rank: 448, pid: 38003) terminated with signal 9 -> abort job
[gcn-20-58.sdsc.edu:mpispawn_17][readline] Unexpected End-Of-File on file descriptor 14. MPI process died?
[gcn-20-58.sdsc.edu:mpispawn_17][mtpmi_processops] Error while reading PMI socket. MPI process died?
[gcn-4-13.sdsc.edu:mpispawn_30][read_size] Unexpected End-Of-File on file descriptor 21. MPI process died?
[gcn-4-13.sdsc.edu:mpispawn_30][read_size] Unexpected End-Of-File on file descriptor 21. MPI process died?
[gcn-4-13.sdsc.edu:mpispawn_30][handle_mt_peer] Error while reading PMI socket. MPI process died?
[gcn-18-11.sdsc.edu:mpispawn_0][readline] Unexpected End-Of-File on file descriptor 13. MPI process died?
[gcn-18-11.sdsc.edu:mpispawn_0][mtpmi_processops] Error while reading PMI socket. MPI process died?
[gcn-20-58.sdsc.edu:mpispawn_17][child_handler] MPI process (rank: 272, pid: 115286) terminated with signal 9 -> abort job
[gcn-20-85.sdsc.edu:mpispawn_23][read_size] Unexpected End-Of-File on file descriptor 21. MPI process died?
[gcn-20-85.sdsc.edu:mpispawn_23][read_size] Unexpected End-Of-File on file descriptor 21. MPI process died?
[gcn-20-85.sdsc.edu:mpispawn_23][handle_mt_peer] Error while reading PMI socket. MPI process died?
[gcn-3-81.sdsc.edu:mpispawn_24][read_size] Unexpected End-Of-File on file descriptor 21. MPI process died?
[gcn-3-81.sdsc.edu:mpispawn_24][read_size] Unexpected End-Of-File on file descriptor 21. MPI process died?
[gcn-3-81.sdsc.edu:mpispawn_24][handle_mt_peer] Error while reading PMI socket. MPI process died?
[gcn-20-64.sdsc.edu:mpispawn_19][readline] Unexpected End-Of-File on file descriptor 8. MPI process died?
[gcn-20-64.sdsc.edu:mpispawn_19][mtpmi_processops] Error while reading PMI socket. MPI process died?
[gcn-20-81.sdsc.edu:mpispawn_22][read_size] Unexpected End-Of-File on file descriptor 21. MPI process died?
[gcn-20-81.sdsc.edu:mpispawn_22][read_size] Unexpected End-Of-File on file descriptor 21. MPI process died?
[gcn-20-81.sdsc.edu:mpispawn_22][handle_mt_peer] Error while reading PMI socket. MPI process died?
[gcn-18-14.sdsc.edu:mpispawn_1][child_handler] MPI process (rank: 28, pid: 6225) terminated with signal 9 -> abort job
[gcn-18-11.sdsc.edu:mpispawn_0][child_handler] MPI process (rank: 1, pid: 120729) terminated with signal 9 -> abort job
[gcn-19-27.sdsc.edu:mpispawn_11][readline] Unexpected End-Of-File on file descriptor 15. MPI process died?
[gcn-19-27.sdsc.edu:mpispawn_11][mtpmi_processops] Error while reading PMI socket. MPI process died?
[gcn-18-24.sdsc.edu:mpispawn_2][read_size] Unexpected End-Of-File on file descriptor 21. MPI process died?
[gcn-18-24.sdsc.edu:mpispawn_2][read_size] Unexpected End-Of-File on file descriptor 21. MPI process died?
[gcn-18-24.sdsc.edu:mpispawn_2][handle_mt_peer] Error while reading PMI socket. MPI process died?
[gcn-18-26.sdsc.edu:mpispawn_4][read_size] Unexpected End-Of-File on file descriptor 25. MPI process died?
[gcn-18-26.sdsc.edu:mpispawn_4][read_size] Unexpected End-Of-File on file descriptor 25. MPI process died?
[gcn-18-26.sdsc.edu:mpispawn_4][handle_mt_peer] Error while reading PMI socket. MPI process died?
[gcn-20-64.sdsc.edu:mpispawn_19][child_handler] MPI process (rank: 305, pid: 4043) terminated with signal 9 -> abort job
[gcn-19-56.sdsc.edu:mpispawn_14][readline] Unexpected End-Of-File on file descriptor 6. MPI process died?
[gcn-19-56.sdsc.edu:mpispawn_14][mtpmi_processops] Error while reading PMI socket. MPI process died?
[gcn-19-56.sdsc.edu:mpispawn_14][child_handler] MPI process (rank: 229, pid: 51192) terminated with signal 9 -> abort job
[gcn-19-27.sdsc.edu:mpispawn_11][child_handler] MPI process (rank: 176, pid: 34891) terminated with signal 9 -> abort job
[gcn-20-81.sdsc.edu:mpispawn_22][child_handler] MPI process (rank: 352, pid: 126742) terminated with signal 9 -> abort job
[gcn-18-24.sdsc.edu:mpispawn_2][child_handler] MPI process (rank: 37, pid: 65207) terminated with signal 9 -> abort job
[gcn-19-13.sdsc.edu:mpispawn_8][read_size] Unexpected End-Of-File on file descriptor 21. MPI process died?
[gcn-19-13.sdsc.edu:mpispawn_8][read_size] Unexpected End-Of-File on file descriptor 21. MPI process died?
[gcn-19-13.sdsc.edu:mpispawn_8][handle_mt_peer] Error while reading PMI socket. MPI process died?
[gcn-18-25.sdsc.edu:mpispawn_3][child_handler] MPI process (rank: 48, pid: 3865) terminated with signal 9 -> abort job
[gcn-20-63.sdsc.edu:mpispawn_18][readline] Unexpected End-Of-File on file descriptor 18. MPI process died?
[gcn-20-63.sdsc.edu:mpispawn_18][mtpmi_processops] Error while reading PMI socket. MPI process died?
[gcn-19-66.sdsc.edu:mpispawn_15][read_size] Unexpected End-Of-File on file descriptor 21. MPI process died?
[gcn-19-66.sdsc.edu:mpispawn_15][read_size] Unexpected End-Of-File on file descriptor 21. MPI process died?
[gcn-19-66.sdsc.edu:mpispawn_15][handle_mt_peer] Error while reading PMI socket. MPI process died?
[gcn-19-53.sdsc.edu:mpispawn_12][read_size] Unexpected End-Of-File on file descriptor 21. MPI process died?
[gcn-19-53.sdsc.edu:mpispawn_12][read_size] Unexpected End-Of-File on file descriptor 21. MPI process died?
[gcn-19-53.sdsc.edu:mpispawn_12][handle_mt_peer] Error while reading PMI socket. MPI process died?
[gcn-19-25.sdsc.edu:mpispawn_10][child_handler] MPI process (rank: 170, pid: 83706) terminated with signal 9 -> abort job
[gcn-19-25.sdsc.edu:mpispawn_10][readline] Unexpected End-Of-File on file descriptor 9. MPI process died?
[gcn-19-25.sdsc.edu:mpispawn_10][mtpmi_processops] Error while reading PMI socket. MPI process died?
[gcn-19-14.sdsc.edu:mpispawn_9][read_size] Unexpected End-Of-File on file descriptor 21. MPI process died?
[gcn-19-14.sdsc.edu:mpispawn_9][read_size] Unexpected End-Of-File on file descriptor 21. MPI process died?
[gcn-19-14.sdsc.edu:mpispawn_9][handle_mt_peer] Error while reading PMI socket. MPI process died?
[gcn-20-63.sdsc.edu:mpispawn_18][child_handler] MPI process (rank: 288, pid: 23305) terminated with signal 9 -> abort job
[gcn-19-53.sdsc.edu:mpispawn_12][child_handler] MPI process (rank: 192, pid: 84203) terminated with signal 9 -> abort job
[gcn-19-14.sdsc.edu:mpispawn_9][child_handler] MPI process (rank: 150, pid: 73906) terminated with signal 9 -> abort job
[gcn-19-13.sdsc.edu:mpispawn_8][child_handler] MPI process (rank: 136, pid: 76982) terminated with signal 9 -> abort job
The following processes may have not been killed:
gcn-18-31: 0 0 0 0 0 0 0 0 0 0 0 0 0 0 0 0
gcn-19-66: 0 0 0 0 0 0 0 0 0 0 0 0 0 0 0 0
gcn-3-81: 0 0 0 0 0 0 0 0 0 0 0 0 0 0 0 0
