[gcn-8-33.sdsc.edu:mpispawn_17][readline] Unexpected End-Of-File on file descriptor 6. MPI process died?
[gcn-8-33.sdsc.edu:mpispawn_17][mtpmi_processops] Error while reading PMI socket. MPI process died?
[gcn-8-33.sdsc.edu:mpispawn_17][child_handler] MPI process (rank: 286, pid: 1556) terminated with signal 9 -> abort job
[gcn-16-54.sdsc.edu:mpirun_rsh][process_mpispawn_connection] mpispawn_17 from node gcn-8-33 aborted: MPI process error (1)
[gcn-16-68.sdsc.edu:mpispawn_4][read_size] Unexpected End-Of-File on file descriptor 22. MPI process died?
[gcn-16-68.sdsc.edu:mpispawn_4][read_size] Unexpected End-Of-File on file descriptor 22. MPI process died?
[gcn-16-68.sdsc.edu:mpispawn_4][handle_mt_peer] Error while reading PMI socket. MPI process died?
[gcn-16-54.sdsc.edu:mpispawn_0][read_size] Unexpected End-Of-File on file descriptor 25. MPI process died?
[gcn-16-54.sdsc.edu:mpispawn_0][read_size] Unexpected End-Of-File on file descriptor 25. MPI process died?
[gcn-16-54.sdsc.edu:mpispawn_0][handle_mt_peer] Error while reading PMI socket. MPI process died?
[gcn-8-35.sdsc.edu:mpispawn_19][read_size] Unexpected End-Of-File on file descriptor 21. MPI process died?
[gcn-8-35.sdsc.edu:mpispawn_19][read_size] Unexpected End-Of-File on file descriptor 21. MPI process died?
[gcn-8-35.sdsc.edu:mpispawn_19][handle_mt_peer] Error while reading PMI socket. MPI process died?
[gcn-8-34.sdsc.edu:mpispawn_18][read_size] Unexpected End-Of-File on file descriptor 21. MPI process died?
[gcn-8-34.sdsc.edu:mpispawn_18][read_size] Unexpected End-Of-File on file descriptor 21. MPI process died?
[gcn-8-34.sdsc.edu:mpispawn_18][handle_mt_peer] Error while reading PMI socket. MPI process died?
[gcn-16-56.sdsc.edu:mpispawn_1][read_size] Unexpected End-Of-File on file descriptor 21. MPI process died?
[gcn-16-56.sdsc.edu:mpispawn_1][read_size] Unexpected End-Of-File on file descriptor 21. MPI process died?
[gcn-16-56.sdsc.edu:mpispawn_1][handle_mt_peer] Error while reading PMI socket. MPI process died?
[gcn-8-32.sdsc.edu:mpispawn_16][read_size] Unexpected End-Of-File on file descriptor 21. MPI process died?
[gcn-8-32.sdsc.edu:mpispawn_16][read_size] Unexpected End-Of-File on file descriptor 21. MPI process died?
[gcn-8-32.sdsc.edu:mpispawn_16][handle_mt_peer] Error while reading PMI socket. MPI process died?
d?
[gcn-20-62.sdsc.edu:mpispawn_12][read_size] Unexpected End-Of-File on file descriptor 21. MPI process died?
[gcn-20-62.sdsc.edu:mpispawn_12][read_size] Unexpected End-Of-File on file descriptor 21. MPI process died?
[gcn-20-62.sdsc.edu:mpispawn_12][handle_mt_peer] Error while reading PMI socket. MPI process die[gc[gcn-8-45.sdsc.edu:mpispawn_27][read_size] Unexpected End-Of-File on file descriptor 21. MPI process died?
[gcn-8-45.sdsc.edu:mpispawn_27][read_size] Unexpected End-Of-File on file descriptor 21. MPI process died?
[gcn-8-45.sdsc.edu:mpispawn_27][handle_mt_peer] Error while reading PMI socket. MPI process died?
[gcn-8-37.sdsc.edu:mpispawn_21][read_size] Unexpected End-Of-File on file descriptor 21. MPI process died?
[gcn-8-37.sdsc.edu:mpispawn_21][read_size] Unexpected End-Of-File on file descriptor 21. MPI process died?
[gcn-8-37.sdsc.edu:mpispawn_21][handle_mt_peer] Error while reading PMI socket. MPI process died?
[gcn-8-84.sdsc.edu:mpispawn_34][read_size] Unexpected End-Of-File on file descriptor 21. MPI process died?
[gcn-8-84.sdsc.edu:mpispawn_34][read_size] Unexpected End-Of-File on file descriptor 21. MPI process died?
[gcn-8-84.sdsc.edu:mpispawn_34][handle_mt_peer] Error while reading PMI socket. MPI process died?
